[0.622s] Invoking command in '/home/benjamin/two_wheel_drive/build/two_wheel_drive': PYTHONPATH=/home/benjamin/two_wheel_drive/build/two_wheel_drive/prefix_override:/home/benjamin/two_wheel_drive/install/two_wheel_drive/lib/python3.10/site-packages:${PYTHONPATH} /usr/bin/python3 setup.py develop --uninstall --editable --build-directory /home/benjamin/two_wheel_drive/build/two_wheel_drive/build
[0.889s] running develop
[1.096s] Invoked command in '/home/benjamin/two_wheel_drive/build/two_wheel_drive' returned '0': PYTHONPATH=/home/benjamin/two_wheel_drive/build/two_wheel_drive/prefix_override:/home/benjamin/two_wheel_drive/install/two_wheel_drive/lib/python3.10/site-packages:${PYTHONPATH} /usr/bin/python3 setup.py develop --uninstall --editable --build-directory /home/benjamin/two_wheel_drive/build/two_wheel_drive/build
[1.097s] Invoking command in '/home/benjamin/two_wheel_drive/src/two_wheel_drive': PYTHONPATH=/home/benjamin/two_wheel_drive/build/two_wheel_drive/prefix_override:/home/benjamin/two_wheel_drive/install/two_wheel_drive/lib/python3.10/site-packages:${PYTHONPATH} /usr/bin/python3 setup.py egg_info --egg-base ../../build/two_wheel_drive build --build-base /home/benjamin/two_wheel_drive/build/two_wheel_drive/build install --record /home/benjamin/two_wheel_drive/build/two_wheel_drive/install.log --single-version-externally-managed
[1.348s] running egg_info
[1.349s] writing ../../build/two_wheel_drive/two_wheel_drive.egg-info/PKG-INFO
[1.349s] writing dependency_links to ../../build/two_wheel_drive/two_wheel_drive.egg-info/dependency_links.txt
[1.349s] writing entry points to ../../build/two_wheel_drive/two_wheel_drive.egg-info/entry_points.txt
[1.350s] writing requirements to ../../build/two_wheel_drive/two_wheel_drive.egg-info/requires.txt
[1.350s] writing top-level names to ../../build/two_wheel_drive/two_wheel_drive.egg-info/top_level.txt
[1.351s] reading manifest file '../../build/two_wheel_drive/two_wheel_drive.egg-info/SOURCES.txt'
[1.352s] writing manifest file '../../build/two_wheel_drive/two_wheel_drive.egg-info/SOURCES.txt'
[1.352s] running build
[1.352s] running build_py
[1.352s] running install
[1.352s] running install_lib
[1.353s] running install_data
[1.354s] running install_egg_info
[1.355s] removing '/home/benjamin/two_wheel_drive/install/two_wheel_drive/lib/python3.10/site-packages/two_wheel_drive-0.0.0-py3.10.egg-info' (and everything under it)
[1.355s] Copying ../../build/two_wheel_drive/two_wheel_drive.egg-info to /home/benjamin/two_wheel_drive/install/two_wheel_drive/lib/python3.10/site-packages/two_wheel_drive-0.0.0-py3.10.egg-info
[1.356s] running install_scripts
[1.372s] Installing encoder_counter script to /home/benjamin/two_wheel_drive/install/two_wheel_drive/lib/two_wheel_drive
[1.373s] Installing encoder_reader script to /home/benjamin/two_wheel_drive/install/two_wheel_drive/lib/two_wheel_drive
[1.373s] Installing listener script to /home/benjamin/two_wheel_drive/install/two_wheel_drive/lib/two_wheel_drive
[1.373s] Installing talker script to /home/benjamin/two_wheel_drive/install/two_wheel_drive/lib/two_wheel_drive
[1.373s] writing list of installed files to '/home/benjamin/two_wheel_drive/build/two_wheel_drive/install.log'
[1.395s] Invoked command in '/home/benjamin/two_wheel_drive/src/two_wheel_drive' returned '0': PYTHONPATH=/home/benjamin/two_wheel_drive/build/two_wheel_drive/prefix_override:/home/benjamin/two_wheel_drive/install/two_wheel_drive/lib/python3.10/site-packages:${PYTHONPATH} /usr/bin/python3 setup.py egg_info --egg-base ../../build/two_wheel_drive build --build-base /home/benjamin/two_wheel_drive/build/two_wheel_drive/build install --record /home/benjamin/two_wheel_drive/build/two_wheel_drive/install.log --single-version-externally-managed
