[0.554s] DEBUG:colcon:Command line arguments: ['/usr/bin/colcon', 'list', '-p', '--base-paths', '/home/benjamin/two_wheel_drive']
[0.554s] DEBUG:colcon:Parsed command line arguments: Namespace(log_base=None, log_level=None, verb_name='list', build_base='build', ignore_user_meta=False, metas=['./colcon.meta'], base_paths=['/home/benjamin/two_wheel_drive'], packages_ignore=None, packages_ignore_regex=None, paths=None, packages_up_to=None, packages_up_to_regex=None, packages_above=None, packages_above_and_dependencies=None, packages_above_depth=None, packages_select_by_dep=None, packages_skip_by_dep=None, packages_skip_up_to=None, packages_select_build_failed=False, packages_skip_build_finished=False, packages_select_test_failures=False, packages_skip_test_passed=False, packages_select=None, packages_skip=None, packages_select_regex=None, packages_skip_regex=None, packages_start=None, packages_end=None, allow_overriding=[], topological_order=False, names_only=False, paths_only=True, topological_graph=False, topological_graph_dot=False, topological_graph_density=False, topological_graph_legend=False, topological_graph_dot_cluster=False, topological_graph_dot_include_skipped=False, verb_parser=<colcon_defaults.argument_parser.defaults.DefaultArgumentsDecorator object at 0x7fba8f1f3d60>, verb_extension=<colcon_package_information.verb.list.ListVerb object at 0x7fba8f13a7d0>, main=<bound method ListVerb.main of <colcon_package_information.verb.list.ListVerb object at 0x7fba8f13a7d0>>)
[0.594s] Level 1:colcon.colcon_core.package_discovery:discover_packages(colcon_meta) check parameters
[0.595s] Level 1:colcon.colcon_core.package_discovery:discover_packages(recursive) check parameters
[0.595s] Level 1:colcon.colcon_core.package_discovery:discover_packages(ignore) check parameters
[0.595s] Level 1:colcon.colcon_core.package_discovery:discover_packages(path) check parameters
[0.595s] Level 1:colcon.colcon_core.package_discovery:discover_packages(recursive) discover
[0.595s] INFO:colcon.colcon_core.package_discovery:Crawling recursively for packages in '/home/benjamin/two_wheel_drive'
[0.595s] Level 1:colcon.colcon_core.package_identification:_identify(/home/benjamin/two_wheel_drive) by extensions ['ignore', 'ignore_ament_install']
[0.595s] Level 1:colcon.colcon_core.package_identification:_identify(/home/benjamin/two_wheel_drive) by extension 'ignore'
[0.595s] Level 1:colcon.colcon_core.package_identification:_identify(/home/benjamin/two_wheel_drive) by extension 'ignore_ament_install'
[0.595s] Level 1:colcon.colcon_core.package_identification:_identify(/home/benjamin/two_wheel_drive) by extensions ['colcon_pkg']
[0.596s] Level 1:colcon.colcon_core.package_identification:_identify(/home/benjamin/two_wheel_drive) by extension 'colcon_pkg'
[0.596s] Level 1:colcon.colcon_core.package_identification:_identify(/home/benjamin/two_wheel_drive) by extensions ['colcon_meta']
[0.596s] Level 1:colcon.colcon_core.package_identification:_identify(/home/benjamin/two_wheel_drive) by extension 'colcon_meta'
[0.596s] Level 1:colcon.colcon_core.package_identification:_identify(/home/benjamin/two_wheel_drive) by extensions ['ros']
[0.596s] Level 1:colcon.colcon_core.package_identification:_identify(/home/benjamin/two_wheel_drive) by extension 'ros'
[0.619s] Level 1:colcon.colcon_core.package_identification:_identify(/home/benjamin/two_wheel_drive) by extensions ['cmake', 'python']
[0.619s] Level 1:colcon.colcon_core.package_identification:_identify(/home/benjamin/two_wheel_drive) by extension 'cmake'
[0.619s] Level 1:colcon.colcon_core.package_identification:_identify(/home/benjamin/two_wheel_drive) by extension 'python'
[0.619s] Level 1:colcon.colcon_core.package_identification:_identify(/home/benjamin/two_wheel_drive) by extensions ['python_setup_py']
[0.619s] Level 1:colcon.colcon_core.package_identification:_identify(/home/benjamin/two_wheel_drive) by extension 'python_setup_py'
[0.619s] Level 1:colcon.colcon_core.package_identification:_identify(/home/benjamin/two_wheel_drive/build) by extensions ['ignore', 'ignore_ament_install']
[0.619s] Level 1:colcon.colcon_core.package_identification:_identify(/home/benjamin/two_wheel_drive/build) by extension 'ignore'
[0.620s] Level 1:colcon.colcon_core.package_identification:_identify(/home/benjamin/two_wheel_drive/build) ignored
[0.620s] Level 1:colcon.colcon_core.package_identification:_identify(/home/benjamin/two_wheel_drive/install) by extensions ['ignore', 'ignore_ament_install']
[0.620s] Level 1:colcon.colcon_core.package_identification:_identify(/home/benjamin/two_wheel_drive/install) by extension 'ignore'
[0.620s] Level 1:colcon.colcon_core.package_identification:_identify(/home/benjamin/two_wheel_drive/install) ignored
[0.620s] Level 1:colcon.colcon_core.package_identification:_identify(/home/benjamin/two_wheel_drive/log) by extensions ['ignore', 'ignore_ament_install']
[0.620s] Level 1:colcon.colcon_core.package_identification:_identify(/home/benjamin/two_wheel_drive/log) by extension 'ignore'
[0.621s] Level 1:colcon.colcon_core.package_identification:_identify(/home/benjamin/two_wheel_drive/log) ignored
[0.621s] Level 1:colcon.colcon_core.package_identification:_identify(/home/benjamin/two_wheel_drive/src) by extensions ['ignore', 'ignore_ament_install']
[0.621s] Level 1:colcon.colcon_core.package_identification:_identify(/home/benjamin/two_wheel_drive/src) by extension 'ignore'
[0.621s] Level 1:colcon.colcon_core.package_identification:_identify(/home/benjamin/two_wheel_drive/src) by extension 'ignore_ament_install'
[0.621s] Level 1:colcon.colcon_core.package_identification:_identify(/home/benjamin/two_wheel_drive/src) by extensions ['colcon_pkg']
[0.621s] Level 1:colcon.colcon_core.package_identification:_identify(/home/benjamin/two_wheel_drive/src) by extension 'colcon_pkg'
[0.621s] Level 1:colcon.colcon_core.package_identification:_identify(/home/benjamin/two_wheel_drive/src) by extensions ['colcon_meta']
[0.621s] Level 1:colcon.colcon_core.package_identification:_identify(/home/benjamin/two_wheel_drive/src) by extension 'colcon_meta'
[0.621s] Level 1:colcon.colcon_core.package_identification:_identify(/home/benjamin/two_wheel_drive/src) by extensions ['ros']
[0.621s] Level 1:colcon.colcon_core.package_identification:_identify(/home/benjamin/two_wheel_drive/src) by extension 'ros'
[0.622s] Level 1:colcon.colcon_core.package_identification:_identify(/home/benjamin/two_wheel_drive/src) by extensions ['cmake', 'python']
[0.622s] Level 1:colcon.colcon_core.package_identification:_identify(/home/benjamin/two_wheel_drive/src) by extension 'cmake'
[0.622s] Level 1:colcon.colcon_core.package_identification:_identify(/home/benjamin/two_wheel_drive/src) by extension 'python'
[0.622s] Level 1:colcon.colcon_core.package_identification:_identify(/home/benjamin/two_wheel_drive/src) by extensions ['python_setup_py']
[0.622s] Level 1:colcon.colcon_core.package_identification:_identify(/home/benjamin/two_wheel_drive/src) by extension 'python_setup_py'
[0.622s] Level 1:colcon.colcon_core.package_identification:_identify(/home/benjamin/two_wheel_drive/src/interfaces) by extensions ['ignore', 'ignore_ament_install']
[0.622s] Level 1:colcon.colcon_core.package_identification:_identify(/home/benjamin/two_wheel_drive/src/interfaces) by extension 'ignore'
[0.623s] Level 1:colcon.colcon_core.package_identification:_identify(/home/benjamin/two_wheel_drive/src/interfaces) by extension 'ignore_ament_install'
[0.623s] Level 1:colcon.colcon_core.package_identification:_identify(/home/benjamin/two_wheel_drive/src/interfaces) by extensions ['colcon_pkg']
[0.623s] Level 1:colcon.colcon_core.package_identification:_identify(/home/benjamin/two_wheel_drive/src/interfaces) by extension 'colcon_pkg'
[0.623s] Level 1:colcon.colcon_core.package_identification:_identify(/home/benjamin/two_wheel_drive/src/interfaces) by extensions ['colcon_meta']
[0.623s] Level 1:colcon.colcon_core.package_identification:_identify(/home/benjamin/two_wheel_drive/src/interfaces) by extension 'colcon_meta'
[0.623s] Level 1:colcon.colcon_core.package_identification:_identify(/home/benjamin/two_wheel_drive/src/interfaces) by extensions ['ros']
[0.623s] Level 1:colcon.colcon_core.package_identification:_identify(/home/benjamin/two_wheel_drive/src/interfaces) by extension 'ros'
[0.627s] DEBUG:colcon.colcon_core.package_identification:Package '/home/benjamin/two_wheel_drive/src/interfaces' with type 'ros.ament_cmake' and name 'interfaces'
[0.627s] Level 1:colcon.colcon_core.package_identification:_identify(/home/benjamin/two_wheel_drive/src/two_wheel_drive) by extensions ['ignore', 'ignore_ament_install']
[0.627s] Level 1:colcon.colcon_core.package_identification:_identify(/home/benjamin/two_wheel_drive/src/two_wheel_drive) by extension 'ignore'
[0.627s] Level 1:colcon.colcon_core.package_identification:_identify(/home/benjamin/two_wheel_drive/src/two_wheel_drive) by extension 'ignore_ament_install'
[0.628s] Level 1:colcon.colcon_core.package_identification:_identify(/home/benjamin/two_wheel_drive/src/two_wheel_drive) by extensions ['colcon_pkg']
[0.628s] Level 1:colcon.colcon_core.package_identification:_identify(/home/benjamin/two_wheel_drive/src/two_wheel_drive) by extension 'colcon_pkg'
[0.628s] Level 1:colcon.colcon_core.package_identification:_identify(/home/benjamin/two_wheel_drive/src/two_wheel_drive) by extensions ['colcon_meta']
[0.628s] Level 1:colcon.colcon_core.package_identification:_identify(/home/benjamin/two_wheel_drive/src/two_wheel_drive) by extension 'colcon_meta'
[0.628s] Level 1:colcon.colcon_core.package_identification:_identify(/home/benjamin/two_wheel_drive/src/two_wheel_drive) by extensions ['ros']
[0.628s] Level 1:colcon.colcon_core.package_identification:_identify(/home/benjamin/two_wheel_drive/src/two_wheel_drive) by extension 'ros'
[0.629s] DEBUG:colcon.colcon_core.package_identification:Package '/home/benjamin/two_wheel_drive/src/two_wheel_drive' with type 'ros.ament_python' and name 'two_wheel_drive'
[0.629s] Level 1:colcon.colcon_core.package_discovery:discover_packages(recursive) using defaults
