[0.622s] Invoking command in '/home/benjamin/two_wheel_drive/src/two_wheel_drive': PYTHONPATH=/home/benjamin/two_wheel_drive/build/two_wheel_drive/prefix_override:/home/benjamin/two_wheel_drive/install/two_wheel_drive/lib/python3.10/site-packages:${PYTHONPATH} /usr/bin/python3 setup.py egg_info --egg-base ../../build/two_wheel_drive build --build-base /home/benjamin/two_wheel_drive/build/two_wheel_drive/build install --record /home/benjamin/two_wheel_drive/build/two_wheel_drive/install.log --single-version-externally-managed
[0.871s] running egg_info
[0.871s] writing ../../build/two_wheel_drive/two_wheel_drive.egg-info/PKG-INFO
[0.871s] writing dependency_links to ../../build/two_wheel_drive/two_wheel_drive.egg-info/dependency_links.txt
[0.872s] writing entry points to ../../build/two_wheel_drive/two_wheel_drive.egg-info/entry_points.txt
[0.872s] writing requirements to ../../build/two_wheel_drive/two_wheel_drive.egg-info/requires.txt
[0.872s] writing top-level names to ../../build/two_wheel_drive/two_wheel_drive.egg-info/top_level.txt
[0.873s] reading manifest file '../../build/two_wheel_drive/two_wheel_drive.egg-info/SOURCES.txt'
[0.874s] writing manifest file '../../build/two_wheel_drive/two_wheel_drive.egg-info/SOURCES.txt'
[0.874s] running build
[0.874s] running build_py
[0.874s] copying two_wheel_drive/publisher_member_function.py -> /home/benjamin/two_wheel_drive/build/two_wheel_drive/build/lib/two_wheel_drive
[0.874s] copying two_wheel_drive/subscriber_member_function.py -> /home/benjamin/two_wheel_drive/build/two_wheel_drive/build/lib/two_wheel_drive
[0.874s] running install
[0.875s] running install_lib
[0.876s] copying /home/benjamin/two_wheel_drive/build/two_wheel_drive/build/lib/two_wheel_drive/publisher_member_function.py -> /home/benjamin/two_wheel_drive/install/two_wheel_drive/lib/python3.10/site-packages/two_wheel_drive
[0.876s] copying /home/benjamin/two_wheel_drive/build/two_wheel_drive/build/lib/two_wheel_drive/subscriber_member_function.py -> /home/benjamin/two_wheel_drive/install/two_wheel_drive/lib/python3.10/site-packages/two_wheel_drive
[0.876s] byte-compiling /home/benjamin/two_wheel_drive/install/two_wheel_drive/lib/python3.10/site-packages/two_wheel_drive/publisher_member_function.py to publisher_member_function.cpython-310.pyc
[0.876s] byte-compiling /home/benjamin/two_wheel_drive/install/two_wheel_drive/lib/python3.10/site-packages/two_wheel_drive/subscriber_member_function.py to subscriber_member_function.cpython-310.pyc
[0.877s] running install_data
[0.877s] running install_egg_info
[0.878s] removing '/home/benjamin/two_wheel_drive/install/two_wheel_drive/lib/python3.10/site-packages/two_wheel_drive-0.0.0-py3.10.egg-info' (and everything under it)
[0.879s] Copying ../../build/two_wheel_drive/two_wheel_drive.egg-info to /home/benjamin/two_wheel_drive/install/two_wheel_drive/lib/python3.10/site-packages/two_wheel_drive-0.0.0-py3.10.egg-info
[0.879s] running install_scripts
[0.896s] Installing encoder_counter = two_wheel_drive.encoder_counter:maintalker script to /home/benjamin/two_wheel_drive/install/two_wheel_drive/lib/two_wheel_drive
[0.897s] Installing encoder_reader script to /home/benjamin/two_wheel_drive/install/two_wheel_drive/lib/two_wheel_drive
[0.897s] Installing listener script to /home/benjamin/two_wheel_drive/install/two_wheel_drive/lib/two_wheel_drive
[0.897s] writing list of installed files to '/home/benjamin/two_wheel_drive/build/two_wheel_drive/install.log'
[0.917s] Invoked command in '/home/benjamin/two_wheel_drive/src/two_wheel_drive' returned '0': PYTHONPATH=/home/benjamin/two_wheel_drive/build/two_wheel_drive/prefix_override:/home/benjamin/two_wheel_drive/install/two_wheel_drive/lib/python3.10/site-packages:${PYTHONPATH} /usr/bin/python3 setup.py egg_info --egg-base ../../build/two_wheel_drive build --build-base /home/benjamin/two_wheel_drive/build/two_wheel_drive/build install --record /home/benjamin/two_wheel_drive/build/two_wheel_drive/install.log --single-version-externally-managed
