[0.013s] Invoking command in '/home/benjamin/two_wheel_drive/build/tutorial_interfaces': CMAKE_PREFIX_PATH=${CMAKE_PREFIX_PATH}:/home/benjamin/two_wheel_drive/install/two_wheel_drive:/opt/ros/humble /usr/bin/cmake --build /home/benjamin/two_wheel_drive/build/tutorial_interfaces -- -j12 -l12
[0.045s] [35m[1mConsolidate compiler generated dependencies of target tutorial_interfaces__rosidl_generator_c[0m
[0.054s] [  3%] Built target tutorial_interfaces__cpp
[0.055s] [ 12%] Built target tutorial_interfaces__rosidl_generator_c
[0.062s] [ 12%] Built target ament_cmake_python_copy_tutorial_interfaces
[0.063s] [35m[1mConsolidate compiler generated dependencies of target tutorial_interfaces__rosidl_typesupport_cpp[0m
[0.065s] [35m[1mConsolidate compiler generated dependencies of target tutorial_interfaces__rosidl_typesupport_fastrtps_c[0m
[0.066s] [35m[1mConsolidate compiler generated dependencies of target tutorial_interfaces__rosidl_typesupport_fastrtps_cpp[0m
[0.066s] [35m[1mConsolidate compiler generated dependencies of target tutorial_interfaces__rosidl_typesupport_introspection_cpp[0m
[0.067s] [35m[1mConsolidate compiler generated dependencies of target tutorial_interfaces__rosidl_typesupport_c[0m
[0.068s] [35m[1mConsolidate compiler generated dependencies of target tutorial_interfaces__rosidl_typesupport_introspection_c[0m
[0.077s] [ 22%] Built target tutorial_interfaces__rosidl_typesupport_cpp
[0.080s] [ 32%] Built target tutorial_interfaces__rosidl_typesupport_c
[0.081s] [ 41%] Built target tutorial_interfaces__rosidl_typesupport_introspection_c
[0.081s] [ 51%] Built target tutorial_interfaces__rosidl_typesupport_fastrtps_c
[0.081s] [ 61%] Built target tutorial_interfaces__rosidl_typesupport_introspection_cpp
[0.082s] [ 70%] Built target tutorial_interfaces__rosidl_typesupport_fastrtps_cpp
[0.100s] [ 70%] Built target tutorial_interfaces
[0.118s] [ 74%] Built target tutorial_interfaces__py
[0.127s] [35m[1mConsolidate compiler generated dependencies of target tutorial_interfaces__rosidl_generator_py[0m
[0.139s] [ 80%] Built target tutorial_interfaces__rosidl_generator_py
[0.147s] [35m[1mConsolidate compiler generated dependencies of target tutorial_interfaces__rosidl_typesupport_fastrtps_c__pyext[0m
[0.147s] [35m[1mConsolidate compiler generated dependencies of target tutorial_interfaces__rosidl_typesupport_introspection_c__pyext[0m
[0.148s] [35m[1mConsolidate compiler generated dependencies of target tutorial_interfaces__rosidl_typesupport_c__pyext[0m
[0.167s] [ 87%] Built target tutorial_interfaces__rosidl_typesupport_introspection_c__pyext
[0.167s] [ 93%] Built target tutorial_interfaces__rosidl_typesupport_fastrtps_c__pyext
[0.167s] [100%] Built target tutorial_interfaces__rosidl_typesupport_c__pyext
[0.326s] running egg_info
[0.327s] writing tutorial_interfaces.egg-info/PKG-INFO
[0.327s] writing dependency_links to tutorial_interfaces.egg-info/dependency_links.txt
[0.327s] writing top-level names to tutorial_interfaces.egg-info/top_level.txt
[0.329s] reading manifest file 'tutorial_interfaces.egg-info/SOURCES.txt'
[0.329s] writing manifest file 'tutorial_interfaces.egg-info/SOURCES.txt'
[0.351s] [100%] Built target ament_cmake_python_build_tutorial_interfaces_egg
[0.361s] Invoked command in '/home/benjamin/two_wheel_drive/build/tutorial_interfaces' returned '0': CMAKE_PREFIX_PATH=${CMAKE_PREFIX_PATH}:/home/benjamin/two_wheel_drive/install/two_wheel_drive:/opt/ros/humble /usr/bin/cmake --build /home/benjamin/two_wheel_drive/build/tutorial_interfaces -- -j12 -l12
[0.422s] Invoking command in '/home/benjamin/two_wheel_drive/build/tutorial_interfaces': CMAKE_PREFIX_PATH=${CMAKE_PREFIX_PATH}:/home/benjamin/two_wheel_drive/install/two_wheel_drive:/opt/ros/humble /usr/bin/cmake --install /home/benjamin/two_wheel_drive/build/tutorial_interfaces
[0.430s] -- Install configuration: ""
[0.431s] -- Up-to-date: /home/benjamin/two_wheel_drive/install/tutorial_interfaces/share/ament_index/resource_index/rosidl_interfaces/tutorial_interfaces
[0.431s] -- Up-to-date: /home/benjamin/two_wheel_drive/install/tutorial_interfaces/include/tutorial_interfaces/tutorial_interfaces
[0.431s] -- Up-to-date: /home/benjamin/two_wheel_drive/install/tutorial_interfaces/include/tutorial_interfaces/tutorial_interfaces/msg
[0.431s] -- Up-to-date: /home/benjamin/two_wheel_drive/install/tutorial_interfaces/include/tutorial_interfaces/tutorial_interfaces/msg/num.h
[0.431s] -- Up-to-date: /home/benjamin/two_wheel_drive/install/tutorial_interfaces/include/tutorial_interfaces/tutorial_interfaces/msg/detail
[0.431s] -- Up-to-date: /home/benjamin/two_wheel_drive/install/tutorial_interfaces/include/tutorial_interfaces/tutorial_interfaces/msg/detail/num__functions.c
[0.431s] -- Up-to-date: /home/benjamin/two_wheel_drive/install/tutorial_interfaces/include/tutorial_interfaces/tutorial_interfaces/msg/detail/num__functions.h
[0.431s] -- Up-to-date: /home/benjamin/two_wheel_drive/install/tutorial_interfaces/include/tutorial_interfaces/tutorial_interfaces/msg/detail/num__struct.h
[0.432s] -- Up-to-date: /home/benjamin/two_wheel_drive/install/tutorial_interfaces/include/tutorial_interfaces/tutorial_interfaces/msg/detail/num__type_support.h
[0.432s] -- Up-to-date: /home/benjamin/two_wheel_drive/install/tutorial_interfaces/include/tutorial_interfaces/tutorial_interfaces/msg/rosidl_generator_c__visibility_control.h
[0.432s] -- Up-to-date: /home/benjamin/two_wheel_drive/install/tutorial_interfaces/share/tutorial_interfaces/environment/library_path.sh
[0.432s] -- Up-to-date: /home/benjamin/two_wheel_drive/install/tutorial_interfaces/share/tutorial_interfaces/environment/library_path.dsv
[0.432s] -- Up-to-date: /home/benjamin/two_wheel_drive/install/tutorial_interfaces/lib/libtutorial_interfaces__rosidl_generator_c.so
[0.432s] -- Up-to-date: /home/benjamin/two_wheel_drive/install/tutorial_interfaces/include/tutorial_interfaces/tutorial_interfaces
[0.432s] -- Up-to-date: /home/benjamin/two_wheel_drive/install/tutorial_interfaces/include/tutorial_interfaces/tutorial_interfaces/msg
[0.432s] -- Up-to-date: /home/benjamin/two_wheel_drive/install/tutorial_interfaces/include/tutorial_interfaces/tutorial_interfaces/msg/detail
[0.432s] -- Up-to-date: /home/benjamin/two_wheel_drive/install/tutorial_interfaces/include/tutorial_interfaces/tutorial_interfaces/msg/detail/num__rosidl_typesupport_fastrtps_c.h
[0.433s] -- Up-to-date: /home/benjamin/two_wheel_drive/install/tutorial_interfaces/include/tutorial_interfaces/tutorial_interfaces/msg/rosidl_typesupport_fastrtps_c__visibility_control.h
[0.433s] -- Up-to-date: /home/benjamin/two_wheel_drive/install/tutorial_interfaces/lib/libtutorial_interfaces__rosidl_typesupport_fastrtps_c.so
[0.433s] -- Up-to-date: /home/benjamin/two_wheel_drive/install/tutorial_interfaces/include/tutorial_interfaces/tutorial_interfaces
[0.433s] -- Up-to-date: /home/benjamin/two_wheel_drive/install/tutorial_interfaces/include/tutorial_interfaces/tutorial_interfaces/msg
[0.433s] -- Up-to-date: /home/benjamin/two_wheel_drive/install/tutorial_interfaces/include/tutorial_interfaces/tutorial_interfaces/msg/detail
[0.433s] -- Up-to-date: /home/benjamin/two_wheel_drive/install/tutorial_interfaces/include/tutorial_interfaces/tutorial_interfaces/msg/detail/num__builder.hpp
[0.433s] -- Up-to-date: /home/benjamin/two_wheel_drive/install/tutorial_interfaces/include/tutorial_interfaces/tutorial_interfaces/msg/detail/num__struct.hpp
[0.433s] -- Up-to-date: /home/benjamin/two_wheel_drive/install/tutorial_interfaces/include/tutorial_interfaces/tutorial_interfaces/msg/detail/num__traits.hpp
[0.433s] -- Up-to-date: /home/benjamin/two_wheel_drive/install/tutorial_interfaces/include/tutorial_interfaces/tutorial_interfaces/msg/num.hpp
[0.433s] -- Up-to-date: /home/benjamin/two_wheel_drive/install/tutorial_interfaces/include/tutorial_interfaces/tutorial_interfaces
[0.434s] -- Up-to-date: /home/benjamin/two_wheel_drive/install/tutorial_interfaces/include/tutorial_interfaces/tutorial_interfaces/msg
[0.434s] -- Up-to-date: /home/benjamin/two_wheel_drive/install/tutorial_interfaces/include/tutorial_interfaces/tutorial_interfaces/msg/rosidl_typesupport_fastrtps_cpp__visibility_control.h
[0.434s] -- Up-to-date: /home/benjamin/two_wheel_drive/install/tutorial_interfaces/include/tutorial_interfaces/tutorial_interfaces/msg/detail
[0.434s] -- Up-to-date: /home/benjamin/two_wheel_drive/install/tutorial_interfaces/include/tutorial_interfaces/tutorial_interfaces/msg/detail/dds_fastrtps
[0.434s] -- Up-to-date: /home/benjamin/two_wheel_drive/install/tutorial_interfaces/include/tutorial_interfaces/tutorial_interfaces/msg/detail/num__rosidl_typesupport_fastrtps_cpp.hpp
[0.434s] -- Up-to-date: /home/benjamin/two_wheel_drive/install/tutorial_interfaces/lib/libtutorial_interfaces__rosidl_typesupport_fastrtps_cpp.so
[0.434s] -- Up-to-date: /home/benjamin/two_wheel_drive/install/tutorial_interfaces/include/tutorial_interfaces/tutorial_interfaces
[0.434s] -- Up-to-date: /home/benjamin/two_wheel_drive/install/tutorial_interfaces/include/tutorial_interfaces/tutorial_interfaces/msg
[0.434s] -- Up-to-date: /home/benjamin/two_wheel_drive/install/tutorial_interfaces/include/tutorial_interfaces/tutorial_interfaces/msg/rosidl_typesupport_introspection_c__visibility_control.h
[0.435s] -- Up-to-date: /home/benjamin/two_wheel_drive/install/tutorial_interfaces/include/tutorial_interfaces/tutorial_interfaces/msg/detail
[0.435s] -- Up-to-date: /home/benjamin/two_wheel_drive/install/tutorial_interfaces/include/tutorial_interfaces/tutorial_interfaces/msg/detail/num__rosidl_typesupport_introspection_c.h
[0.435s] -- Up-to-date: /home/benjamin/two_wheel_drive/install/tutorial_interfaces/include/tutorial_interfaces/tutorial_interfaces/msg/detail/num__type_support.c
[0.435s] -- Up-to-date: /home/benjamin/two_wheel_drive/install/tutorial_interfaces/lib/libtutorial_interfaces__rosidl_typesupport_introspection_c.so
[0.435s] -- Up-to-date: /home/benjamin/two_wheel_drive/install/tutorial_interfaces/lib/libtutorial_interfaces__rosidl_typesupport_c.so
[0.435s] -- Up-to-date: /home/benjamin/two_wheel_drive/install/tutorial_interfaces/include/tutorial_interfaces/tutorial_interfaces
[0.435s] -- Up-to-date: /home/benjamin/two_wheel_drive/install/tutorial_interfaces/include/tutorial_interfaces/tutorial_interfaces/msg
[0.435s] -- Up-to-date: /home/benjamin/two_wheel_drive/install/tutorial_interfaces/include/tutorial_interfaces/tutorial_interfaces/msg/detail
[0.435s] -- Up-to-date: /home/benjamin/two_wheel_drive/install/tutorial_interfaces/include/tutorial_interfaces/tutorial_interfaces/msg/detail/num__type_support.cpp
[0.435s] -- Up-to-date: /home/benjamin/two_wheel_drive/install/tutorial_interfaces/include/tutorial_interfaces/tutorial_interfaces/msg/detail/num__rosidl_typesupport_introspection_cpp.hpp
[0.435s] -- Up-to-date: /home/benjamin/two_wheel_drive/install/tutorial_interfaces/lib/libtutorial_interfaces__rosidl_typesupport_introspection_cpp.so
[0.436s] -- Up-to-date: /home/benjamin/two_wheel_drive/install/tutorial_interfaces/lib/libtutorial_interfaces__rosidl_typesupport_cpp.so
[0.436s] -- Up-to-date: /home/benjamin/two_wheel_drive/install/tutorial_interfaces/share/tutorial_interfaces/environment/pythonpath.sh
[0.436s] -- Up-to-date: /home/benjamin/two_wheel_drive/install/tutorial_interfaces/share/tutorial_interfaces/environment/pythonpath.dsv
[0.436s] -- Up-to-date: /home/benjamin/two_wheel_drive/install/tutorial_interfaces/local/lib/python3.10/dist-packages/tutorial_interfaces-0.0.0-py3.10.egg-info
[0.436s] -- Installing: /home/benjamin/two_wheel_drive/install/tutorial_interfaces/local/lib/python3.10/dist-packages/tutorial_interfaces-0.0.0-py3.10.egg-info/dependency_links.txt
[0.436s] -- Installing: /home/benjamin/two_wheel_drive/install/tutorial_interfaces/local/lib/python3.10/dist-packages/tutorial_interfaces-0.0.0-py3.10.egg-info/SOURCES.txt
[0.436s] -- Installing: /home/benjamin/two_wheel_drive/install/tutorial_interfaces/local/lib/python3.10/dist-packages/tutorial_interfaces-0.0.0-py3.10.egg-info/PKG-INFO
[0.436s] -- Installing: /home/benjamin/two_wheel_drive/install/tutorial_interfaces/local/lib/python3.10/dist-packages/tutorial_interfaces-0.0.0-py3.10.egg-info/top_level.txt
[0.436s] -- Up-to-date: /home/benjamin/two_wheel_drive/install/tutorial_interfaces/local/lib/python3.10/dist-packages/tutorial_interfaces
[0.436s] -- Up-to-date: /home/benjamin/two_wheel_drive/install/tutorial_interfaces/local/lib/python3.10/dist-packages/tutorial_interfaces/msg
[0.436s] -- Up-to-date: /home/benjamin/two_wheel_drive/install/tutorial_interfaces/local/lib/python3.10/dist-packages/tutorial_interfaces/msg/_num.py
[0.437s] -- Up-to-date: /home/benjamin/two_wheel_drive/install/tutorial_interfaces/local/lib/python3.10/dist-packages/tutorial_interfaces/msg/__init__.py
[0.437s] -- Up-to-date: /home/benjamin/two_wheel_drive/install/tutorial_interfaces/local/lib/python3.10/dist-packages/tutorial_interfaces/msg/_num_s.c
[0.437s] -- Up-to-date: /home/benjamin/two_wheel_drive/install/tutorial_interfaces/local/lib/python3.10/dist-packages/tutorial_interfaces/libtutorial_interfaces__rosidl_generator_py.so
[0.437s] -- Up-to-date: /home/benjamin/two_wheel_drive/install/tutorial_interfaces/local/lib/python3.10/dist-packages/tutorial_interfaces/_tutorial_interfaces_s.ep.rosidl_typesupport_fastrtps_c.c
[0.437s] -- Up-to-date: /home/benjamin/two_wheel_drive/install/tutorial_interfaces/local/lib/python3.10/dist-packages/tutorial_interfaces/tutorial_interfaces_s__rosidl_typesupport_introspection_c.cpython-310-x86_64-linux-gnu.so
[0.437s] -- Up-to-date: /home/benjamin/two_wheel_drive/install/tutorial_interfaces/local/lib/python3.10/dist-packages/tutorial_interfaces/_tutorial_interfaces_s.ep.rosidl_typesupport_c.c
[0.437s] -- Up-to-date: /home/benjamin/two_wheel_drive/install/tutorial_interfaces/local/lib/python3.10/dist-packages/tutorial_interfaces/_tutorial_interfaces_s.ep.rosidl_typesupport_introspection_c.c
[0.437s] -- Up-to-date: /home/benjamin/two_wheel_drive/install/tutorial_interfaces/local/lib/python3.10/dist-packages/tutorial_interfaces/tutorial_interfaces_s__rosidl_typesupport_c.cpython-310-x86_64-linux-gnu.so
[0.437s] -- Up-to-date: /home/benjamin/two_wheel_drive/install/tutorial_interfaces/local/lib/python3.10/dist-packages/tutorial_interfaces/__init__.py
[0.437s] -- Up-to-date: /home/benjamin/two_wheel_drive/install/tutorial_interfaces/local/lib/python3.10/dist-packages/tutorial_interfaces/tutorial_interfaces_s__rosidl_typesupport_fastrtps_c.cpython-310-x86_64-linux-gnu.so
[0.463s] Listing '/home/benjamin/two_wheel_drive/install/tutorial_interfaces/local/lib/python3.10/dist-packages/tutorial_interfaces'...
[0.463s] Listing '/home/benjamin/two_wheel_drive/install/tutorial_interfaces/local/lib/python3.10/dist-packages/tutorial_interfaces/msg'...
[0.468s] -- Up-to-date: /home/benjamin/two_wheel_drive/install/tutorial_interfaces/local/lib/python3.10/dist-packages/tutorial_interfaces/tutorial_interfaces_s__rosidl_typesupport_fastrtps_c.cpython-310-x86_64-linux-gnu.so
[0.468s] -- Up-to-date: /home/benjamin/two_wheel_drive/install/tutorial_interfaces/local/lib/python3.10/dist-packages/tutorial_interfaces/tutorial_interfaces_s__rosidl_typesupport_introspection_c.cpython-310-x86_64-linux-gnu.so
[0.469s] -- Up-to-date: /home/benjamin/two_wheel_drive/install/tutorial_interfaces/local/lib/python3.10/dist-packages/tutorial_interfaces/tutorial_interfaces_s__rosidl_typesupport_c.cpython-310-x86_64-linux-gnu.so
[0.469s] -- Up-to-date: /home/benjamin/two_wheel_drive/install/tutorial_interfaces/lib/libtutorial_interfaces__rosidl_generator_py.so
[0.469s] -- Up-to-date: /home/benjamin/two_wheel_drive/install/tutorial_interfaces/share/tutorial_interfaces/msg/Num.idl
[0.469s] -- Up-to-date: /home/benjamin/two_wheel_drive/install/tutorial_interfaces/share/tutorial_interfaces/msg/Num.msg
[0.469s] -- Up-to-date: /home/benjamin/two_wheel_drive/install/tutorial_interfaces/share/ament_index/resource_index/package_run_dependencies/tutorial_interfaces
[0.470s] -- Up-to-date: /home/benjamin/two_wheel_drive/install/tutorial_interfaces/share/ament_index/resource_index/parent_prefix_path/tutorial_interfaces
[0.470s] -- Up-to-date: /home/benjamin/two_wheel_drive/install/tutorial_interfaces/share/tutorial_interfaces/environment/ament_prefix_path.sh
[0.470s] -- Up-to-date: /home/benjamin/two_wheel_drive/install/tutorial_interfaces/share/tutorial_interfaces/environment/ament_prefix_path.dsv
[0.470s] -- Up-to-date: /home/benjamin/two_wheel_drive/install/tutorial_interfaces/share/tutorial_interfaces/environment/path.sh
[0.470s] -- Up-to-date: /home/benjamin/two_wheel_drive/install/tutorial_interfaces/share/tutorial_interfaces/environment/path.dsv
[0.470s] -- Up-to-date: /home/benjamin/two_wheel_drive/install/tutorial_interfaces/share/tutorial_interfaces/local_setup.bash
[0.470s] -- Up-to-date: /home/benjamin/two_wheel_drive/install/tutorial_interfaces/share/tutorial_interfaces/local_setup.sh
[0.470s] -- Up-to-date: /home/benjamin/two_wheel_drive/install/tutorial_interfaces/share/tutorial_interfaces/local_setup.zsh
[0.470s] -- Up-to-date: /home/benjamin/two_wheel_drive/install/tutorial_interfaces/share/tutorial_interfaces/local_setup.dsv
[0.471s] -- Installing: /home/benjamin/two_wheel_drive/install/tutorial_interfaces/share/tutorial_interfaces/package.dsv
[0.471s] -- Up-to-date: /home/benjamin/two_wheel_drive/install/tutorial_interfaces/share/ament_index/resource_index/packages/tutorial_interfaces
[0.471s] -- Up-to-date: /home/benjamin/two_wheel_drive/install/tutorial_interfaces/share/tutorial_interfaces/cmake/export_tutorial_interfaces__rosidl_generator_cExport.cmake
[0.471s] -- Up-to-date: /home/benjamin/two_wheel_drive/install/tutorial_interfaces/share/tutorial_interfaces/cmake/export_tutorial_interfaces__rosidl_generator_cExport-noconfig.cmake
[0.471s] -- Up-to-date: /home/benjamin/two_wheel_drive/install/tutorial_interfaces/share/tutorial_interfaces/cmake/export_tutorial_interfaces__rosidl_typesupport_fastrtps_cExport.cmake
[0.471s] -- Up-to-date: /home/benjamin/two_wheel_drive/install/tutorial_interfaces/share/tutorial_interfaces/cmake/export_tutorial_interfaces__rosidl_typesupport_fastrtps_cExport-noconfig.cmake
[0.471s] -- Up-to-date: /home/benjamin/two_wheel_drive/install/tutorial_interfaces/share/tutorial_interfaces/cmake/export_tutorial_interfaces__rosidl_generator_cppExport.cmake
[0.471s] -- Up-to-date: /home/benjamin/two_wheel_drive/install/tutorial_interfaces/share/tutorial_interfaces/cmake/export_tutorial_interfaces__rosidl_typesupport_fastrtps_cppExport.cmake
[0.472s] -- Up-to-date: /home/benjamin/two_wheel_drive/install/tutorial_interfaces/share/tutorial_interfaces/cmake/export_tutorial_interfaces__rosidl_typesupport_fastrtps_cppExport-noconfig.cmake
[0.472s] -- Up-to-date: /home/benjamin/two_wheel_drive/install/tutorial_interfaces/share/tutorial_interfaces/cmake/tutorial_interfaces__rosidl_typesupport_introspection_cExport.cmake
[0.472s] -- Up-to-date: /home/benjamin/two_wheel_drive/install/tutorial_interfaces/share/tutorial_interfaces/cmake/tutorial_interfaces__rosidl_typesupport_introspection_cExport-noconfig.cmake
[0.472s] -- Up-to-date: /home/benjamin/two_wheel_drive/install/tutorial_interfaces/share/tutorial_interfaces/cmake/tutorial_interfaces__rosidl_typesupport_cExport.cmake
[0.472s] -- Up-to-date: /home/benjamin/two_wheel_drive/install/tutorial_interfaces/share/tutorial_interfaces/cmake/tutorial_interfaces__rosidl_typesupport_cExport-noconfig.cmake
[0.472s] -- Up-to-date: /home/benjamin/two_wheel_drive/install/tutorial_interfaces/share/tutorial_interfaces/cmake/tutorial_interfaces__rosidl_typesupport_introspection_cppExport.cmake
[0.472s] -- Up-to-date: /home/benjamin/two_wheel_drive/install/tutorial_interfaces/share/tutorial_interfaces/cmake/tutorial_interfaces__rosidl_typesupport_introspection_cppExport-noconfig.cmake
[0.472s] -- Up-to-date: /home/benjamin/two_wheel_drive/install/tutorial_interfaces/share/tutorial_interfaces/cmake/tutorial_interfaces__rosidl_typesupport_cppExport.cmake
[0.472s] -- Up-to-date: /home/benjamin/two_wheel_drive/install/tutorial_interfaces/share/tutorial_interfaces/cmake/tutorial_interfaces__rosidl_typesupport_cppExport-noconfig.cmake
[0.472s] -- Up-to-date: /home/benjamin/two_wheel_drive/install/tutorial_interfaces/share/tutorial_interfaces/cmake/export_tutorial_interfaces__rosidl_generator_pyExport.cmake
[0.473s] -- Up-to-date: /home/benjamin/two_wheel_drive/install/tutorial_interfaces/share/tutorial_interfaces/cmake/export_tutorial_interfaces__rosidl_generator_pyExport-noconfig.cmake
[0.473s] -- Up-to-date: /home/benjamin/two_wheel_drive/install/tutorial_interfaces/share/tutorial_interfaces/cmake/rosidl_cmake-extras.cmake
[0.473s] -- Up-to-date: /home/benjamin/two_wheel_drive/install/tutorial_interfaces/share/tutorial_interfaces/cmake/ament_cmake_export_include_directories-extras.cmake
[0.473s] -- Up-to-date: /home/benjamin/two_wheel_drive/install/tutorial_interfaces/share/tutorial_interfaces/cmake/ament_cmake_export_libraries-extras.cmake
[0.473s] -- Up-to-date: /home/benjamin/two_wheel_drive/install/tutorial_interfaces/share/tutorial_interfaces/cmake/ament_cmake_export_targets-extras.cmake
[0.473s] -- Up-to-date: /home/benjamin/two_wheel_drive/install/tutorial_interfaces/share/tutorial_interfaces/cmake/rosidl_cmake_export_typesupport_targets-extras.cmake
[0.473s] -- Up-to-date: /home/benjamin/two_wheel_drive/install/tutorial_interfaces/share/tutorial_interfaces/cmake/ament_cmake_export_dependencies-extras.cmake
[0.473s] -- Up-to-date: /home/benjamin/two_wheel_drive/install/tutorial_interfaces/share/tutorial_interfaces/cmake/rosidl_cmake_export_typesupport_libraries-extras.cmake
[0.473s] -- Up-to-date: /home/benjamin/two_wheel_drive/install/tutorial_interfaces/share/tutorial_interfaces/cmake/tutorial_interfacesConfig.cmake
[0.473s] -- Up-to-date: /home/benjamin/two_wheel_drive/install/tutorial_interfaces/share/tutorial_interfaces/cmake/tutorial_interfacesConfig-version.cmake
[0.473s] -- Up-to-date: /home/benjamin/two_wheel_drive/install/tutorial_interfaces/share/tutorial_interfaces/package.xml
[0.475s] Invoked command in '/home/benjamin/two_wheel_drive/build/tutorial_interfaces' returned '0': CMAKE_PREFIX_PATH=${CMAKE_PREFIX_PATH}:/home/benjamin/two_wheel_drive/install/two_wheel_drive:/opt/ros/humble /usr/bin/cmake --install /home/benjamin/two_wheel_drive/build/tutorial_interfaces
