/home/benjamin/two_wheel_drive/install/two_wheel_drive/lib/python3.10/site-packages/two_wheel_drive/publisher_member_function.py
/home/benjamin/two_wheel_drive/install/two_wheel_drive/lib/python3.10/site-packages/two_wheel_drive/encoder_reader.py
/home/benjamin/two_wheel_drive/install/two_wheel_drive/lib/python3.10/site-packages/two_wheel_drive/encoder_counter.py
/home/benjamin/two_wheel_drive/install/two_wheel_drive/lib/python3.10/site-packages/two_wheel_drive/subscriber_member_function.py
/home/benjamin/two_wheel_drive/install/two_wheel_drive/lib/python3.10/site-packages/two_wheel_drive/__init__.py
/home/benjamin/two_wheel_drive/install/two_wheel_drive/lib/python3.10/site-packages/two_wheel_drive/__pycache__/publisher_member_function.cpython-310.pyc
/home/benjamin/two_wheel_drive/install/two_wheel_drive/lib/python3.10/site-packages/two_wheel_drive/__pycache__/encoder_reader.cpython-310.pyc
/home/benjamin/two_wheel_drive/install/two_wheel_drive/lib/python3.10/site-packages/two_wheel_drive/__pycache__/encoder_counter.cpython-310.pyc
/home/benjamin/two_wheel_drive/install/two_wheel_drive/lib/python3.10/site-packages/two_wheel_drive/__pycache__/subscriber_member_function.cpython-310.pyc
/home/benjamin/two_wheel_drive/install/two_wheel_drive/lib/python3.10/site-packages/two_wheel_drive/__pycache__/__init__.cpython-310.pyc
/home/benjamin/two_wheel_drive/install/two_wheel_drive/share/ament_index/resource_index/packages/two_wheel_drive
/home/benjamin/two_wheel_drive/install/two_wheel_drive/share/two_wheel_drive/package.xml
/home/benjamin/two_wheel_drive/install/two_wheel_drive/lib/python3.10/site-packages/two_wheel_drive-0.0.0-py3.10.egg-info/dependency_links.txt
/home/benjamin/two_wheel_drive/install/two_wheel_drive/lib/python3.10/site-packages/two_wheel_drive-0.0.0-py3.10.egg-info/SOURCES.txt
/home/benjamin/two_wheel_drive/install/two_wheel_drive/lib/python3.10/site-packages/two_wheel_drive-0.0.0-py3.10.egg-info/requires.txt
/home/benjamin/two_wheel_drive/install/two_wheel_drive/lib/python3.10/site-packages/two_wheel_drive-0.0.0-py3.10.egg-info/PKG-INFO
/home/benjamin/two_wheel_drive/install/two_wheel_drive/lib/python3.10/site-packages/two_wheel_drive-0.0.0-py3.10.egg-info/zip-safe
/home/benjamin/two_wheel_drive/install/two_wheel_drive/lib/python3.10/site-packages/two_wheel_drive-0.0.0-py3.10.egg-info/entry_points.txt
/home/benjamin/two_wheel_drive/install/two_wheel_drive/lib/python3.10/site-packages/two_wheel_drive-0.0.0-py3.10.egg-info/top_level.txt
/home/benjamin/two_wheel_drive/install/two_wheel_drive/lib/two_wheel_drive/encoder_counter
/home/benjamin/two_wheel_drive/install/two_wheel_drive/lib/two_wheel_drive/encoder_reader
/home/benjamin/two_wheel_drive/install/two_wheel_drive/lib/two_wheel_drive/listener
/home/benjamin/two_wheel_drive/install/two_wheel_drive/lib/two_wheel_drive/talker
