[0.610s] Invoking command in '/home/benjamin/two_wheel_drive/build/two_wheel_drive': PYTHONPATH=/home/benjamin/two_wheel_drive/build/two_wheel_drive/prefix_override:/home/benjamin/two_wheel_drive/install/two_wheel_drive/lib/python3.10/site-packages:${PYTHONPATH} /usr/bin/python3 setup.py develop --uninstall --editable --build-directory /home/benjamin/two_wheel_drive/build/two_wheel_drive/build
[0.860s] running develop
[1.047s] Invoked command in '/home/benjamin/two_wheel_drive/build/two_wheel_drive' returned '0': PYTHONPATH=/home/benjamin/two_wheel_drive/build/two_wheel_drive/prefix_override:/home/benjamin/two_wheel_drive/install/two_wheel_drive/lib/python3.10/site-packages:${PYTHONPATH} /usr/bin/python3 setup.py develop --uninstall --editable --build-directory /home/benjamin/two_wheel_drive/build/two_wheel_drive/build
[1.048s] Invoking command in '/home/benjamin/two_wheel_drive/src/two_wheel_drive': PYTHONPATH=/home/benjamin/two_wheel_drive/build/two_wheel_drive/prefix_override:/home/benjamin/two_wheel_drive/install/two_wheel_drive/lib/python3.10/site-packages:${PYTHONPATH} /usr/bin/python3 setup.py egg_info --egg-base ../../build/two_wheel_drive build --build-base /home/benjamin/two_wheel_drive/build/two_wheel_drive/build install --record /home/benjamin/two_wheel_drive/build/two_wheel_drive/install.log --single-version-externally-managed
[1.279s] running egg_info
[1.280s] writing ../../build/two_wheel_drive/two_wheel_drive.egg-info/PKG-INFO
[1.280s] writing dependency_links to ../../build/two_wheel_drive/two_wheel_drive.egg-info/dependency_links.txt
[1.280s] writing entry points to ../../build/two_wheel_drive/two_wheel_drive.egg-info/entry_points.txt
[1.280s] writing requirements to ../../build/two_wheel_drive/two_wheel_drive.egg-info/requires.txt
[1.280s] writing top-level names to ../../build/two_wheel_drive/two_wheel_drive.egg-info/top_level.txt
[1.282s] reading manifest file '../../build/two_wheel_drive/two_wheel_drive.egg-info/SOURCES.txt'
[1.284s] writing manifest file '../../build/two_wheel_drive/two_wheel_drive.egg-info/SOURCES.txt'
[1.284s] running build
[1.284s] running build_py
[1.284s] copying two_wheel_drive/publisher_member_function.py -> /home/benjamin/two_wheel_drive/build/two_wheel_drive/build/lib/two_wheel_drive
[1.284s] running install
[1.285s] running install_lib
[1.285s] copying /home/benjamin/two_wheel_drive/build/two_wheel_drive/build/lib/two_wheel_drive/publisher_member_function.py -> /home/benjamin/two_wheel_drive/install/two_wheel_drive/lib/python3.10/site-packages/two_wheel_drive
[1.286s] byte-compiling /home/benjamin/two_wheel_drive/install/two_wheel_drive/lib/python3.10/site-packages/two_wheel_drive/publisher_member_function.py to publisher_member_function.cpython-310.pyc
[1.286s] running install_data
[1.287s] running install_egg_info
[1.288s] removing '/home/benjamin/two_wheel_drive/install/two_wheel_drive/lib/python3.10/site-packages/two_wheel_drive-0.0.0-py3.10.egg-info' (and everything under it)
[1.288s] Copying ../../build/two_wheel_drive/two_wheel_drive.egg-info to /home/benjamin/two_wheel_drive/install/two_wheel_drive/lib/python3.10/site-packages/two_wheel_drive-0.0.0-py3.10.egg-info
[1.289s] running install_scripts
[1.305s] Installing encoder_counter script to /home/benjamin/two_wheel_drive/install/two_wheel_drive/lib/two_wheel_drive
[1.306s] Installing encoder_reader script to /home/benjamin/two_wheel_drive/install/two_wheel_drive/lib/two_wheel_drive
[1.306s] Installing listener script to /home/benjamin/two_wheel_drive/install/two_wheel_drive/lib/two_wheel_drive
[1.306s] Installing talker script to /home/benjamin/two_wheel_drive/install/two_wheel_drive/lib/two_wheel_drive
[1.306s] writing list of installed files to '/home/benjamin/two_wheel_drive/build/two_wheel_drive/install.log'
[1.326s] Invoked command in '/home/benjamin/two_wheel_drive/src/two_wheel_drive' returned '0': PYTHONPATH=/home/benjamin/two_wheel_drive/build/two_wheel_drive/prefix_override:/home/benjamin/two_wheel_drive/install/two_wheel_drive/lib/python3.10/site-packages:${PYTHONPATH} /usr/bin/python3 setup.py egg_info --egg-base ../../build/two_wheel_drive build --build-base /home/benjamin/two_wheel_drive/build/two_wheel_drive/build install --record /home/benjamin/two_wheel_drive/build/two_wheel_drive/install.log --single-version-externally-managed
