[0.009s] Invoking command in '/home/benjamin/two_wheel_drive/build/tutorial_interfaces': CMAKE_PREFIX_PATH=/home/benjamin/two_wheel_drive/install/two_wheel_drive:/opt/ros/humble /usr/bin/cmake /home/benjamin/two_wheel_drive/src/tutorial_interfaces -DCMAKE_INSTALL_PREFIX=/home/benjamin/two_wheel_drive/install/tutorial_interfaces
[0.057s] -- The C compiler identification is GNU 11.3.0
[0.110s] -- The CXX compiler identification is GNU 11.3.0
[0.116s] -- Detecting C compiler ABI info
[0.174s] -- Detecting C compiler ABI info - done
[0.183s] -- Check for working C compiler: /usr/bin/cc - skipped
[0.184s] -- Detecting C compile features
[0.184s] -- Detecting C compile features - done
[0.188s] -- Detecting CXX compiler ABI info
[0.259s] -- Detecting CXX compiler ABI info - done
[0.269s] -- Check for working CXX compiler: /usr/bin/c++ - skipped
[0.269s] -- Detecting CXX compile features
[0.270s] -- Detecting CXX compile features - done
[0.272s] -- Found ament_cmake: 1.3.3 (/opt/ros/humble/share/ament_cmake/cmake)
[0.426s] -- Found Python3: /usr/bin/python3.10 (found version "3.10.6") found components: Interpreter 
[0.508s] -- Found geometry_msgs: 4.2.3 (/opt/ros/humble/share/geometry_msgs/cmake)
[0.544s] -- Found rosidl_generator_c: 3.1.4 (/opt/ros/humble/share/rosidl_generator_c/cmake)
[0.548s] -- Found rosidl_adapter: 3.1.4 (/opt/ros/humble/share/rosidl_adapter/cmake)
[0.556s] -- Found rosidl_generator_cpp: 3.1.4 (/opt/ros/humble/share/rosidl_generator_cpp/cmake)
[0.569s] -- Using all available rosidl_typesupport_c: rosidl_typesupport_fastrtps_c;rosidl_typesupport_introspection_c
[0.588s] -- Using all available rosidl_typesupport_cpp: rosidl_typesupport_fastrtps_cpp;rosidl_typesupport_introspection_cpp
[0.715s] -- Found rosidl_default_generators: 1.2.0 (/opt/ros/humble/share/rosidl_default_generators/cmake)
[0.937s] -- Found ament_cmake_ros: 0.10.0 (/opt/ros/humble/share/ament_cmake_ros/cmake)
[1.209s] -- Using all available rosidl_typesupport_c: rosidl_typesupport_fastrtps_c;rosidl_typesupport_introspection_c
[1.316s] -- Using all available rosidl_typesupport_cpp: rosidl_typesupport_fastrtps_cpp;rosidl_typesupport_introspection_cpp
[1.337s] -- Found PythonInterp: /usr/bin/python3 (found suitable version "3.10.6", minimum required is "3.6") 
[1.338s] -- Found python_cmake_module: 0.10.0 (/opt/ros/humble/share/python_cmake_module/cmake)
[1.362s] -- Found PythonLibs: /usr/lib/x86_64-linux-gnu/libpython3.10.so (found suitable version "3.10.6", minimum required is "3.5") 
[1.362s] -- Using PYTHON_EXECUTABLE: /usr/bin/python3
[1.362s] -- Using PYTHON_INCLUDE_DIRS: /usr/include/python3.10
[1.362s] -- Using PYTHON_LIBRARIES: /usr/lib/x86_64-linux-gnu/libpython3.10.so
[1.381s] -- Found PythonExtra: .so  
[1.411s] -- Found ament_lint_auto: 0.12.5 (/opt/ros/humble/share/ament_lint_auto/cmake)
[1.427s] -- Added test 'lint_cmake' to check CMake code style
[1.428s] -- Added test 'xmllint' to check XML markup files
[1.430s] -- Configuring done
[1.458s] -- Generating done
[1.461s] -- Build files have been written to: /home/benjamin/two_wheel_drive/build/tutorial_interfaces
[1.468s] Invoked command in '/home/benjamin/two_wheel_drive/build/tutorial_interfaces' returned '0': CMAKE_PREFIX_PATH=/home/benjamin/two_wheel_drive/install/two_wheel_drive:/opt/ros/humble /usr/bin/cmake /home/benjamin/two_wheel_drive/src/tutorial_interfaces -DCMAKE_INSTALL_PREFIX=/home/benjamin/two_wheel_drive/install/tutorial_interfaces
[1.470s] Invoking command in '/home/benjamin/two_wheel_drive/build/tutorial_interfaces': CMAKE_PREFIX_PATH=/home/benjamin/two_wheel_drive/install/two_wheel_drive:/opt/ros/humble /usr/bin/cmake --build /home/benjamin/two_wheel_drive/build/tutorial_interfaces -- -j12 -l12
[1.503s] [  3%] [34m[1mGenerating C code for ROS interfaces[0m
[1.510s] [  6%] [34m[1mGenerating C++ code for ROS interfaces[0m
[1.518s] [  6%] Built target ament_cmake_python_copy_tutorial_interfaces
[1.728s] [  6%] Built target tutorial_interfaces__cpp
[1.740s] [ 12%] [34m[1mGenerating C++ type support for eProsima Fast-RTPS[0m
[1.741s] [ 12%] [34m[1mGenerating C++ type support dispatch for ROS interfaces[0m
[1.743s] [ 16%] [34m[1mGenerating C++ introspection for ROS interfaces[0m
[1.755s] [ 19%] [32mBuilding C object CMakeFiles/tutorial_interfaces__rosidl_generator_c.dir/rosidl_generator_c/tutorial_interfaces/msg/detail/num__functions.c.o[0m
[1.805s] [ 22%] [32m[1mLinking C shared library libtutorial_interfaces__rosidl_generator_c.so[0m
[1.814s] running egg_info
[1.814s] creating tutorial_interfaces.egg-info
[1.814s] writing tutorial_interfaces.egg-info/PKG-INFO
[1.815s] writing dependency_links to tutorial_interfaces.egg-info/dependency_links.txt
[1.815s] writing top-level names to tutorial_interfaces.egg-info/top_level.txt
[1.815s] writing manifest file 'tutorial_interfaces.egg-info/SOURCES.txt'
[1.817s] reading manifest file 'tutorial_interfaces.egg-info/SOURCES.txt'
[1.817s] writing manifest file 'tutorial_interfaces.egg-info/SOURCES.txt'
[1.841s] [ 22%] Built target tutorial_interfaces__rosidl_generator_c
[1.847s] [ 22%] Built target ament_cmake_python_build_tutorial_interfaces_egg
[1.851s] [ 29%] [34m[1mGenerating C type support dispatch for ROS interfaces[0m
[1.851s] [ 29%] [34m[1mGenerating C introspection for ROS interfaces[0m
[1.853s] [ 32%] [34m[1mGenerating C type support for eProsima Fast-RTPS[0m
[1.981s] [ 35%] [32mBuilding CXX object CMakeFiles/tutorial_interfaces__rosidl_typesupport_cpp.dir/rosidl_typesupport_cpp/tutorial_interfaces/msg/num__type_support.cpp.o[0m
[1.993s] [ 38%] [32mBuilding CXX object CMakeFiles/tutorial_interfaces__rosidl_typesupport_introspection_cpp.dir/rosidl_typesupport_introspection_cpp/tutorial_interfaces/msg/detail/num__type_support.cpp.o[0m
[2.023s] [ 41%] [32mBuilding CXX object CMakeFiles/tutorial_interfaces__rosidl_typesupport_fastrtps_cpp.dir/rosidl_typesupport_fastrtps_cpp/tutorial_interfaces/msg/detail/dds_fastrtps/num__type_support.cpp.o[0m
[2.096s] [ 45%] [32mBuilding CXX object CMakeFiles/tutorial_interfaces__rosidl_typesupport_c.dir/rosidl_typesupport_c/tutorial_interfaces/msg/num__type_support.cpp.o[0m
[2.098s] [ 48%] [32mBuilding C object CMakeFiles/tutorial_interfaces__rosidl_typesupport_introspection_c.dir/rosidl_typesupport_introspection_c/tutorial_interfaces/msg/detail/num__type_support.c.o[0m
[2.123s] [ 51%] [32mBuilding CXX object CMakeFiles/tutorial_interfaces__rosidl_typesupport_fastrtps_c.dir/rosidl_typesupport_fastrtps_c/tutorial_interfaces/msg/detail/num__type_support_c.cpp.o[0m
[2.124s] [ 54%] [32m[1mLinking CXX shared library libtutorial_interfaces__rosidl_typesupport_c.so[0m
[2.131s] [ 58%] [32m[1mLinking C shared library libtutorial_interfaces__rosidl_typesupport_introspection_c.so[0m
[2.160s] [ 58%] Built target tutorial_interfaces__rosidl_typesupport_introspection_c
[2.168s] [ 58%] Built target tutorial_interfaces__rosidl_typesupport_c
[2.248s] [ 61%] [32m[1mLinking CXX shared library libtutorial_interfaces__rosidl_typesupport_cpp.so[0m
[2.285s] [ 61%] Built target tutorial_interfaces__rosidl_typesupport_cpp
[2.349s] [ 64%] [32m[1mLinking CXX shared library libtutorial_interfaces__rosidl_typesupport_introspection_cpp.so[0m
[2.386s] [ 64%] Built target tutorial_interfaces__rosidl_typesupport_introspection_cpp
[2.388s] [ 67%] [32m[1mLinking CXX shared library libtutorial_interfaces__rosidl_typesupport_fastrtps_cpp.so[0m
[2.436s] [ 70%] [32m[1mLinking CXX shared library libtutorial_interfaces__rosidl_typesupport_fastrtps_c.so[0m
[2.463s] [ 70%] Built target tutorial_interfaces__rosidl_typesupport_fastrtps_cpp
[2.506s] [ 70%] Built target tutorial_interfaces__rosidl_typesupport_fastrtps_c
[2.523s] [ 70%] Built target tutorial_interfaces
[2.541s] [ 74%] [34m[1mGenerating Python code for ROS interfaces[0m
[2.787s] [ 74%] Built target tutorial_interfaces__py
[2.803s] [ 77%] [32mBuilding C object CMakeFiles/tutorial_interfaces__rosidl_generator_py.dir/rosidl_generator_py/tutorial_interfaces/msg/_num_s.c.o[0m
[2.890s] [ 80%] [32m[1mLinking C shared library rosidl_generator_py/tutorial_interfaces/libtutorial_interfaces__rosidl_generator_py.so[0m
[2.924s] [ 80%] Built target tutorial_interfaces__rosidl_generator_py
[2.941s] [ 83%] [32mBuilding C object CMakeFiles/tutorial_interfaces__rosidl_typesupport_fastrtps_c__pyext.dir/rosidl_generator_py/tutorial_interfaces/_tutorial_interfaces_s.ep.rosidl_typesupport_fastrtps_c.c.o[0m
[2.941s] [ 87%] [32mBuilding C object CMakeFiles/tutorial_interfaces__rosidl_typesupport_c__pyext.dir/rosidl_generator_py/tutorial_interfaces/_tutorial_interfaces_s.ep.rosidl_typesupport_c.c.o[0m
[2.942s] [ 90%] [32mBuilding C object CMakeFiles/tutorial_interfaces__rosidl_typesupport_introspection_c__pyext.dir/rosidl_generator_py/tutorial_interfaces/_tutorial_interfaces_s.ep.rosidl_typesupport_introspection_c.c.o[0m
[3.022s] [ 96%] [32m[1mLinking C shared library rosidl_generator_py/tutorial_interfaces/tutorial_interfaces_s__rosidl_typesupport_introspection_c.cpython-310-x86_64-linux-gnu.so[0m
[3.022s] [ 96%] [32m[1mLinking C shared library rosidl_generator_py/tutorial_interfaces/tutorial_interfaces_s__rosidl_typesupport_c.cpython-310-x86_64-linux-gnu.so[0m
[3.025s] [100%] [32m[1mLinking C shared library rosidl_generator_py/tutorial_interfaces/tutorial_interfaces_s__rosidl_typesupport_fastrtps_c.cpython-310-x86_64-linux-gnu.so[0m
[3.051s] [100%] Built target tutorial_interfaces__rosidl_typesupport_c__pyext
[3.051s] [100%] Built target tutorial_interfaces__rosidl_typesupport_introspection_c__pyext
[3.056s] [100%] Built target tutorial_interfaces__rosidl_typesupport_fastrtps_c__pyext
[3.066s] Invoked command in '/home/benjamin/two_wheel_drive/build/tutorial_interfaces' returned '0': CMAKE_PREFIX_PATH=/home/benjamin/two_wheel_drive/install/two_wheel_drive:/opt/ros/humble /usr/bin/cmake --build /home/benjamin/two_wheel_drive/build/tutorial_interfaces -- -j12 -l12
[3.125s] Invoking command in '/home/benjamin/two_wheel_drive/build/tutorial_interfaces': CMAKE_PREFIX_PATH=/home/benjamin/two_wheel_drive/install/two_wheel_drive:/opt/ros/humble /usr/bin/cmake --install /home/benjamin/two_wheel_drive/build/tutorial_interfaces
[3.131s] -- Install configuration: ""
[3.132s] -- Installing: /home/benjamin/two_wheel_drive/install/tutorial_interfaces/share/ament_index/resource_index/rosidl_interfaces/tutorial_interfaces
[3.132s] -- Installing: /home/benjamin/two_wheel_drive/install/tutorial_interfaces/include/tutorial_interfaces/tutorial_interfaces
[3.132s] -- Installing: /home/benjamin/two_wheel_drive/install/tutorial_interfaces/include/tutorial_interfaces/tutorial_interfaces/msg
[3.132s] -- Installing: /home/benjamin/two_wheel_drive/install/tutorial_interfaces/include/tutorial_interfaces/tutorial_interfaces/msg/num.h
[3.132s] -- Installing: /home/benjamin/two_wheel_drive/install/tutorial_interfaces/include/tutorial_interfaces/tutorial_interfaces/msg/detail
[3.132s] -- Installing: /home/benjamin/two_wheel_drive/install/tutorial_interfaces/include/tutorial_interfaces/tutorial_interfaces/msg/detail/num__functions.c
[3.132s] -- Installing: /home/benjamin/two_wheel_drive/install/tutorial_interfaces/include/tutorial_interfaces/tutorial_interfaces/msg/detail/num__functions.h
[3.132s] -- Installing: /home/benjamin/two_wheel_drive/install/tutorial_interfaces/include/tutorial_interfaces/tutorial_interfaces/msg/detail/num__struct.h
[3.132s] -- Installing: /home/benjamin/two_wheel_drive/install/tutorial_interfaces/include/tutorial_interfaces/tutorial_interfaces/msg/detail/num__type_support.h
[3.133s] -- Installing: /home/benjamin/two_wheel_drive/install/tutorial_interfaces/include/tutorial_interfaces/tutorial_interfaces/msg/rosidl_generator_c__visibility_control.h
[3.133s] -- Installing: /home/benjamin/two_wheel_drive/install/tutorial_interfaces/share/tutorial_interfaces/environment/library_path.sh
[3.133s] -- Installing: /home/benjamin/two_wheel_drive/install/tutorial_interfaces/share/tutorial_interfaces/environment/library_path.dsv
[3.133s] -- Installing: /home/benjamin/two_wheel_drive/install/tutorial_interfaces/lib/libtutorial_interfaces__rosidl_generator_c.so
[3.134s] -- Set runtime path of "/home/benjamin/two_wheel_drive/install/tutorial_interfaces/lib/libtutorial_interfaces__rosidl_generator_c.so" to ""
[3.134s] -- Up-to-date: /home/benjamin/two_wheel_drive/install/tutorial_interfaces/include/tutorial_interfaces/tutorial_interfaces
[3.134s] -- Up-to-date: /home/benjamin/two_wheel_drive/install/tutorial_interfaces/include/tutorial_interfaces/tutorial_interfaces/msg
[3.134s] -- Up-to-date: /home/benjamin/two_wheel_drive/install/tutorial_interfaces/include/tutorial_interfaces/tutorial_interfaces/msg/detail
[3.134s] -- Installing: /home/benjamin/two_wheel_drive/install/tutorial_interfaces/include/tutorial_interfaces/tutorial_interfaces/msg/detail/num__rosidl_typesupport_fastrtps_c.h
[3.134s] -- Installing: /home/benjamin/two_wheel_drive/install/tutorial_interfaces/include/tutorial_interfaces/tutorial_interfaces/msg/rosidl_typesupport_fastrtps_c__visibility_control.h
[3.134s] -- Installing: /home/benjamin/two_wheel_drive/install/tutorial_interfaces/lib/libtutorial_interfaces__rosidl_typesupport_fastrtps_c.so
[3.135s] -- Set runtime path of "/home/benjamin/two_wheel_drive/install/tutorial_interfaces/lib/libtutorial_interfaces__rosidl_typesupport_fastrtps_c.so" to ""
[3.135s] -- Up-to-date: /home/benjamin/two_wheel_drive/install/tutorial_interfaces/include/tutorial_interfaces/tutorial_interfaces
[3.135s] -- Up-to-date: /home/benjamin/two_wheel_drive/install/tutorial_interfaces/include/tutorial_interfaces/tutorial_interfaces/msg
[3.135s] -- Up-to-date: /home/benjamin/two_wheel_drive/install/tutorial_interfaces/include/tutorial_interfaces/tutorial_interfaces/msg/detail
[3.135s] -- Installing: /home/benjamin/two_wheel_drive/install/tutorial_interfaces/include/tutorial_interfaces/tutorial_interfaces/msg/detail/num__builder.hpp
[3.136s] -- Installing: /home/benjamin/two_wheel_drive/install/tutorial_interfaces/include/tutorial_interfaces/tutorial_interfaces/msg/detail/num__struct.hpp
[3.136s] -- Installing: /home/benjamin/two_wheel_drive/install/tutorial_interfaces/include/tutorial_interfaces/tutorial_interfaces/msg/detail/num__traits.hpp
[3.136s] -- Installing: /home/benjamin/two_wheel_drive/install/tutorial_interfaces/include/tutorial_interfaces/tutorial_interfaces/msg/num.hpp
[3.136s] -- Up-to-date: /home/benjamin/two_wheel_drive/install/tutorial_interfaces/include/tutorial_interfaces/tutorial_interfaces
[3.136s] -- Up-to-date: /home/benjamin/two_wheel_drive/install/tutorial_interfaces/include/tutorial_interfaces/tutorial_interfaces/msg
[3.136s] -- Installing: /home/benjamin/two_wheel_drive/install/tutorial_interfaces/include/tutorial_interfaces/tutorial_interfaces/msg/rosidl_typesupport_fastrtps_cpp__visibility_control.h
[3.136s] -- Up-to-date: /home/benjamin/two_wheel_drive/install/tutorial_interfaces/include/tutorial_interfaces/tutorial_interfaces/msg/detail
[3.136s] -- Installing: /home/benjamin/two_wheel_drive/install/tutorial_interfaces/include/tutorial_interfaces/tutorial_interfaces/msg/detail/dds_fastrtps
[3.136s] -- Installing: /home/benjamin/two_wheel_drive/install/tutorial_interfaces/include/tutorial_interfaces/tutorial_interfaces/msg/detail/num__rosidl_typesupport_fastrtps_cpp.hpp
[3.136s] -- Installing: /home/benjamin/two_wheel_drive/install/tutorial_interfaces/lib/libtutorial_interfaces__rosidl_typesupport_fastrtps_cpp.so
[3.137s] -- Set runtime path of "/home/benjamin/two_wheel_drive/install/tutorial_interfaces/lib/libtutorial_interfaces__rosidl_typesupport_fastrtps_cpp.so" to ""
[3.137s] -- Up-to-date: /home/benjamin/two_wheel_drive/install/tutorial_interfaces/include/tutorial_interfaces/tutorial_interfaces
[3.137s] -- Up-to-date: /home/benjamin/two_wheel_drive/install/tutorial_interfaces/include/tutorial_interfaces/tutorial_interfaces/msg
[3.137s] -- Installing: /home/benjamin/two_wheel_drive/install/tutorial_interfaces/include/tutorial_interfaces/tutorial_interfaces/msg/rosidl_typesupport_introspection_c__visibility_control.h
[3.137s] -- Up-to-date: /home/benjamin/two_wheel_drive/install/tutorial_interfaces/include/tutorial_interfaces/tutorial_interfaces/msg/detail
[3.137s] -- Installing: /home/benjamin/two_wheel_drive/install/tutorial_interfaces/include/tutorial_interfaces/tutorial_interfaces/msg/detail/num__rosidl_typesupport_introspection_c.h
[3.137s] -- Installing: /home/benjamin/two_wheel_drive/install/tutorial_interfaces/include/tutorial_interfaces/tutorial_interfaces/msg/detail/num__type_support.c
[3.137s] -- Installing: /home/benjamin/two_wheel_drive/install/tutorial_interfaces/lib/libtutorial_interfaces__rosidl_typesupport_introspection_c.so
[3.138s] -- Set runtime path of "/home/benjamin/two_wheel_drive/install/tutorial_interfaces/lib/libtutorial_interfaces__rosidl_typesupport_introspection_c.so" to ""
[3.138s] -- Installing: /home/benjamin/two_wheel_drive/install/tutorial_interfaces/lib/libtutorial_interfaces__rosidl_typesupport_c.so
[3.138s] -- Set runtime path of "/home/benjamin/two_wheel_drive/install/tutorial_interfaces/lib/libtutorial_interfaces__rosidl_typesupport_c.so" to ""
[3.138s] -- Up-to-date: /home/benjamin/two_wheel_drive/install/tutorial_interfaces/include/tutorial_interfaces/tutorial_interfaces
[3.138s] -- Up-to-date: /home/benjamin/two_wheel_drive/install/tutorial_interfaces/include/tutorial_interfaces/tutorial_interfaces/msg
[3.139s] -- Up-to-date: /home/benjamin/two_wheel_drive/install/tutorial_interfaces/include/tutorial_interfaces/tutorial_interfaces/msg/detail
[3.139s] -- Installing: /home/benjamin/two_wheel_drive/install/tutorial_interfaces/include/tutorial_interfaces/tutorial_interfaces/msg/detail/num__type_support.cpp
[3.139s] -- Installing: /home/benjamin/two_wheel_drive/install/tutorial_interfaces/include/tutorial_interfaces/tutorial_interfaces/msg/detail/num__rosidl_typesupport_introspection_cpp.hpp
[3.139s] -- Installing: /home/benjamin/two_wheel_drive/install/tutorial_interfaces/lib/libtutorial_interfaces__rosidl_typesupport_introspection_cpp.so
[3.139s] -- Set runtime path of "/home/benjamin/two_wheel_drive/install/tutorial_interfaces/lib/libtutorial_interfaces__rosidl_typesupport_introspection_cpp.so" to ""
[3.139s] -- Installing: /home/benjamin/two_wheel_drive/install/tutorial_interfaces/lib/libtutorial_interfaces__rosidl_typesupport_cpp.so
[3.140s] -- Set runtime path of "/home/benjamin/two_wheel_drive/install/tutorial_interfaces/lib/libtutorial_interfaces__rosidl_typesupport_cpp.so" to ""
[3.140s] -- Installing: /home/benjamin/two_wheel_drive/install/tutorial_interfaces/share/tutorial_interfaces/environment/pythonpath.sh
[3.140s] -- Installing: /home/benjamin/two_wheel_drive/install/tutorial_interfaces/share/tutorial_interfaces/environment/pythonpath.dsv
[3.140s] -- Installing: /home/benjamin/two_wheel_drive/install/tutorial_interfaces/local/lib/python3.10/dist-packages/tutorial_interfaces-0.0.0-py3.10.egg-info
[3.140s] -- Installing: /home/benjamin/two_wheel_drive/install/tutorial_interfaces/local/lib/python3.10/dist-packages/tutorial_interfaces-0.0.0-py3.10.egg-info/dependency_links.txt
[3.140s] -- Installing: /home/benjamin/two_wheel_drive/install/tutorial_interfaces/local/lib/python3.10/dist-packages/tutorial_interfaces-0.0.0-py3.10.egg-info/SOURCES.txt
[3.141s] -- Installing: /home/benjamin/two_wheel_drive/install/tutorial_interfaces/local/lib/python3.10/dist-packages/tutorial_interfaces-0.0.0-py3.10.egg-info/PKG-INFO
[3.141s] -- Installing: /home/benjamin/two_wheel_drive/install/tutorial_interfaces/local/lib/python3.10/dist-packages/tutorial_interfaces-0.0.0-py3.10.egg-info/top_level.txt
[3.141s] -- Installing: /home/benjamin/two_wheel_drive/install/tutorial_interfaces/local/lib/python3.10/dist-packages/tutorial_interfaces
[3.141s] -- Installing: /home/benjamin/two_wheel_drive/install/tutorial_interfaces/local/lib/python3.10/dist-packages/tutorial_interfaces/msg
[3.141s] -- Installing: /home/benjamin/two_wheel_drive/install/tutorial_interfaces/local/lib/python3.10/dist-packages/tutorial_interfaces/msg/_num.py
[3.141s] -- Installing: /home/benjamin/two_wheel_drive/install/tutorial_interfaces/local/lib/python3.10/dist-packages/tutorial_interfaces/msg/__init__.py
[3.141s] -- Installing: /home/benjamin/two_wheel_drive/install/tutorial_interfaces/local/lib/python3.10/dist-packages/tutorial_interfaces/msg/_num_s.c
[3.141s] -- Installing: /home/benjamin/two_wheel_drive/install/tutorial_interfaces/local/lib/python3.10/dist-packages/tutorial_interfaces/libtutorial_interfaces__rosidl_generator_py.so
[3.142s] -- Installing: /home/benjamin/two_wheel_drive/install/tutorial_interfaces/local/lib/python3.10/dist-packages/tutorial_interfaces/_tutorial_interfaces_s.ep.rosidl_typesupport_fastrtps_c.c
[3.142s] -- Installing: /home/benjamin/two_wheel_drive/install/tutorial_interfaces/local/lib/python3.10/dist-packages/tutorial_interfaces/tutorial_interfaces_s__rosidl_typesupport_introspection_c.cpython-310-x86_64-linux-gnu.so
[3.142s] -- Installing: /home/benjamin/two_wheel_drive/install/tutorial_interfaces/local/lib/python3.10/dist-packages/tutorial_interfaces/_tutorial_interfaces_s.ep.rosidl_typesupport_c.c
[3.142s] -- Installing: /home/benjamin/two_wheel_drive/install/tutorial_interfaces/local/lib/python3.10/dist-packages/tutorial_interfaces/_tutorial_interfaces_s.ep.rosidl_typesupport_introspection_c.c
[3.142s] -- Installing: /home/benjamin/two_wheel_drive/install/tutorial_interfaces/local/lib/python3.10/dist-packages/tutorial_interfaces/tutorial_interfaces_s__rosidl_typesupport_c.cpython-310-x86_64-linux-gnu.so
[3.142s] -- Installing: /home/benjamin/two_wheel_drive/install/tutorial_interfaces/local/lib/python3.10/dist-packages/tutorial_interfaces/__init__.py
[3.142s] -- Installing: /home/benjamin/two_wheel_drive/install/tutorial_interfaces/local/lib/python3.10/dist-packages/tutorial_interfaces/tutorial_interfaces_s__rosidl_typesupport_fastrtps_c.cpython-310-x86_64-linux-gnu.so
[3.172s] Listing '/home/benjamin/two_wheel_drive/install/tutorial_interfaces/local/lib/python3.10/dist-packages/tutorial_interfaces'...
[3.172s] Compiling '/home/benjamin/two_wheel_drive/install/tutorial_interfaces/local/lib/python3.10/dist-packages/tutorial_interfaces/__init__.py'...
[3.172s] Listing '/home/benjamin/two_wheel_drive/install/tutorial_interfaces/local/lib/python3.10/dist-packages/tutorial_interfaces/msg'...
[3.172s] Compiling '/home/benjamin/two_wheel_drive/install/tutorial_interfaces/local/lib/python3.10/dist-packages/tutorial_interfaces/msg/__init__.py'...
[3.172s] Compiling '/home/benjamin/two_wheel_drive/install/tutorial_interfaces/local/lib/python3.10/dist-packages/tutorial_interfaces/msg/_num.py'...
[3.176s] -- Installing: /home/benjamin/two_wheel_drive/install/tutorial_interfaces/local/lib/python3.10/dist-packages/tutorial_interfaces/tutorial_interfaces_s__rosidl_typesupport_fastrtps_c.cpython-310-x86_64-linux-gnu.so
[3.177s] -- Set runtime path of "/home/benjamin/two_wheel_drive/install/tutorial_interfaces/local/lib/python3.10/dist-packages/tutorial_interfaces/tutorial_interfaces_s__rosidl_typesupport_fastrtps_c.cpython-310-x86_64-linux-gnu.so" to ""
[3.177s] -- Installing: /home/benjamin/two_wheel_drive/install/tutorial_interfaces/local/lib/python3.10/dist-packages/tutorial_interfaces/tutorial_interfaces_s__rosidl_typesupport_introspection_c.cpython-310-x86_64-linux-gnu.so
[3.177s] -- Set runtime path of "/home/benjamin/two_wheel_drive/install/tutorial_interfaces/local/lib/python3.10/dist-packages/tutorial_interfaces/tutorial_interfaces_s__rosidl_typesupport_introspection_c.cpython-310-x86_64-linux-gnu.so" to ""
[3.178s] -- Installing: /home/benjamin/two_wheel_drive/install/tutorial_interfaces/local/lib/python3.10/dist-packages/tutorial_interfaces/tutorial_interfaces_s__rosidl_typesupport_c.cpython-310-x86_64-linux-gnu.so
[3.178s] -- Set runtime path of "/home/benjamin/two_wheel_drive/install/tutorial_interfaces/local/lib/python3.10/dist-packages/tutorial_interfaces/tutorial_interfaces_s__rosidl_typesupport_c.cpython-310-x86_64-linux-gnu.so" to ""
[3.178s] -- Installing: /home/benjamin/two_wheel_drive/install/tutorial_interfaces/lib/libtutorial_interfaces__rosidl_generator_py.so
[3.179s] -- Set runtime path of "/home/benjamin/two_wheel_drive/install/tutorial_interfaces/lib/libtutorial_interfaces__rosidl_generator_py.so" to ""
[3.179s] -- Installing: /home/benjamin/two_wheel_drive/install/tutorial_interfaces/share/tutorial_interfaces/msg/Num.idl
[3.179s] -- Installing: /home/benjamin/two_wheel_drive/install/tutorial_interfaces/share/tutorial_interfaces/msg/Num.msg
[3.179s] -- Installing: /home/benjamin/two_wheel_drive/install/tutorial_interfaces/share/ament_index/resource_index/package_run_dependencies/tutorial_interfaces
[3.179s] -- Installing: /home/benjamin/two_wheel_drive/install/tutorial_interfaces/share/ament_index/resource_index/parent_prefix_path/tutorial_interfaces
[3.180s] -- Installing: /home/benjamin/two_wheel_drive/install/tutorial_interfaces/share/tutorial_interfaces/environment/ament_prefix_path.sh
[3.180s] -- Installing: /home/benjamin/two_wheel_drive/install/tutorial_interfaces/share/tutorial_interfaces/environment/ament_prefix_path.dsv
[3.180s] -- Installing: /home/benjamin/two_wheel_drive/install/tutorial_interfaces/share/tutorial_interfaces/environment/path.sh
[3.180s] -- Installing: /home/benjamin/two_wheel_drive/install/tutorial_interfaces/share/tutorial_interfaces/environment/path.dsv
[3.180s] -- Installing: /home/benjamin/two_wheel_drive/install/tutorial_interfaces/share/tutorial_interfaces/local_setup.bash
[3.180s] -- Installing: /home/benjamin/two_wheel_drive/install/tutorial_interfaces/share/tutorial_interfaces/local_setup.sh
[3.181s] -- Installing: /home/benjamin/two_wheel_drive/install/tutorial_interfaces/share/tutorial_interfaces/local_setup.zsh
[3.181s] -- Installing: /home/benjamin/two_wheel_drive/install/tutorial_interfaces/share/tutorial_interfaces/local_setup.dsv
[3.181s] -- Installing: /home/benjamin/two_wheel_drive/install/tutorial_interfaces/share/tutorial_interfaces/package.dsv
[3.181s] -- Installing: /home/benjamin/two_wheel_drive/install/tutorial_interfaces/share/ament_index/resource_index/packages/tutorial_interfaces
[3.181s] -- Installing: /home/benjamin/two_wheel_drive/install/tutorial_interfaces/share/tutorial_interfaces/cmake/export_tutorial_interfaces__rosidl_generator_cExport.cmake
[3.181s] -- Installing: /home/benjamin/two_wheel_drive/install/tutorial_interfaces/share/tutorial_interfaces/cmake/export_tutorial_interfaces__rosidl_generator_cExport-noconfig.cmake
[3.182s] -- Installing: /home/benjamin/two_wheel_drive/install/tutorial_interfaces/share/tutorial_interfaces/cmake/export_tutorial_interfaces__rosidl_typesupport_fastrtps_cExport.cmake
[3.182s] -- Installing: /home/benjamin/two_wheel_drive/install/tutorial_interfaces/share/tutorial_interfaces/cmake/export_tutorial_interfaces__rosidl_typesupport_fastrtps_cExport-noconfig.cmake
[3.182s] -- Installing: /home/benjamin/two_wheel_drive/install/tutorial_interfaces/share/tutorial_interfaces/cmake/export_tutorial_interfaces__rosidl_generator_cppExport.cmake
[3.182s] -- Installing: /home/benjamin/two_wheel_drive/install/tutorial_interfaces/share/tutorial_interfaces/cmake/export_tutorial_interfaces__rosidl_typesupport_fastrtps_cppExport.cmake
[3.182s] -- Installing: /home/benjamin/two_wheel_drive/install/tutorial_interfaces/share/tutorial_interfaces/cmake/export_tutorial_interfaces__rosidl_typesupport_fastrtps_cppExport-noconfig.cmake
[3.183s] -- Installing: /home/benjamin/two_wheel_drive/install/tutorial_interfaces/share/tutorial_interfaces/cmake/tutorial_interfaces__rosidl_typesupport_introspection_cExport.cmake
[3.183s] -- Installing: /home/benjamin/two_wheel_drive/install/tutorial_interfaces/share/tutorial_interfaces/cmake/tutorial_interfaces__rosidl_typesupport_introspection_cExport-noconfig.cmake
[3.183s] -- Installing: /home/benjamin/two_wheel_drive/install/tutorial_interfaces/share/tutorial_interfaces/cmake/tutorial_interfaces__rosidl_typesupport_cExport.cmake
[3.183s] -- Installing: /home/benjamin/two_wheel_drive/install/tutorial_interfaces/share/tutorial_interfaces/cmake/tutorial_interfaces__rosidl_typesupport_cExport-noconfig.cmake
[3.183s] -- Installing: /home/benjamin/two_wheel_drive/install/tutorial_interfaces/share/tutorial_interfaces/cmake/tutorial_interfaces__rosidl_typesupport_introspection_cppExport.cmake
[3.183s] -- Installing: /home/benjamin/two_wheel_drive/install/tutorial_interfaces/share/tutorial_interfaces/cmake/tutorial_interfaces__rosidl_typesupport_introspection_cppExport-noconfig.cmake
[3.184s] -- Installing: /home/benjamin/two_wheel_drive/install/tutorial_interfaces/share/tutorial_interfaces/cmake/tutorial_interfaces__rosidl_typesupport_cppExport.cmake
[3.184s] -- Installing: /home/benjamin/two_wheel_drive/install/tutorial_interfaces/share/tutorial_interfaces/cmake/tutorial_interfaces__rosidl_typesupport_cppExport-noconfig.cmake
[3.184s] -- Installing: /home/benjamin/two_wheel_drive/install/tutorial_interfaces/share/tutorial_interfaces/cmake/export_tutorial_interfaces__rosidl_generator_pyExport.cmake
[3.184s] -- Installing: /home/benjamin/two_wheel_drive/install/tutorial_interfaces/share/tutorial_interfaces/cmake/export_tutorial_interfaces__rosidl_generator_pyExport-noconfig.cmake
[3.184s] -- Installing: /home/benjamin/two_wheel_drive/install/tutorial_interfaces/share/tutorial_interfaces/cmake/rosidl_cmake-extras.cmake
[3.184s] -- Installing: /home/benjamin/two_wheel_drive/install/tutorial_interfaces/share/tutorial_interfaces/cmake/ament_cmake_export_include_directories-extras.cmake
[3.185s] -- Installing: /home/benjamin/two_wheel_drive/install/tutorial_interfaces/share/tutorial_interfaces/cmake/ament_cmake_export_libraries-extras.cmake
[3.185s] -- Installing: /home/benjamin/two_wheel_drive/install/tutorial_interfaces/share/tutorial_interfaces/cmake/ament_cmake_export_targets-extras.cmake
[3.185s] -- Installing: /home/benjamin/two_wheel_drive/install/tutorial_interfaces/share/tutorial_interfaces/cmake/rosidl_cmake_export_typesupport_targets-extras.cmake
[3.185s] -- Installing: /home/benjamin/two_wheel_drive/install/tutorial_interfaces/share/tutorial_interfaces/cmake/ament_cmake_export_dependencies-extras.cmake
[3.185s] -- Installing: /home/benjamin/two_wheel_drive/install/tutorial_interfaces/share/tutorial_interfaces/cmake/rosidl_cmake_export_typesupport_libraries-extras.cmake
[3.185s] -- Installing: /home/benjamin/two_wheel_drive/install/tutorial_interfaces/share/tutorial_interfaces/cmake/tutorial_interfacesConfig.cmake
[3.186s] -- Installing: /home/benjamin/two_wheel_drive/install/tutorial_interfaces/share/tutorial_interfaces/cmake/tutorial_interfacesConfig-version.cmake
[3.186s] -- Installing: /home/benjamin/two_wheel_drive/install/tutorial_interfaces/share/tutorial_interfaces/package.xml
[3.189s] Invoked command in '/home/benjamin/two_wheel_drive/build/tutorial_interfaces' returned '0': CMAKE_PREFIX_PATH=/home/benjamin/two_wheel_drive/install/two_wheel_drive:/opt/ros/humble /usr/bin/cmake --install /home/benjamin/two_wheel_drive/build/tutorial_interfaces
