running egg_info
writing ../../build/two_wheel_drive/two_wheel_drive.egg-info/PKG-INFO
writing dependency_links to ../../build/two_wheel_drive/two_wheel_drive.egg-info/dependency_links.txt
writing entry points to ../../build/two_wheel_drive/two_wheel_drive.egg-info/entry_points.txt
writing requirements to ../../build/two_wheel_drive/two_wheel_drive.egg-info/requires.txt
writing top-level names to ../../build/two_wheel_drive/two_wheel_drive.egg-info/top_level.txt
reading manifest file '../../build/two_wheel_drive/two_wheel_drive.egg-info/SOURCES.txt'
writing manifest file '../../build/two_wheel_drive/two_wheel_drive.egg-info/SOURCES.txt'
running build
running build_py
copying two_wheel_drive/encoder_reader.py -> /home/benjamin/two_wheel_drive/build/two_wheel_drive/build/lib/two_wheel_drive
running install
running install_lib
copying /home/benjamin/two_wheel_drive/build/two_wheel_drive/build/lib/two_wheel_drive/encoder_reader.py -> /home/benjamin/two_wheel_drive/install/two_wheel_drive/lib/python3.10/site-packages/two_wheel_drive
byte-compiling /home/benjamin/two_wheel_drive/install/two_wheel_drive/lib/python3.10/site-packages/two_wheel_drive/encoder_reader.py to encoder_reader.cpython-310.pyc
running install_data
running install_egg_info
removing '/home/benjamin/two_wheel_drive/install/two_wheel_drive/lib/python3.10/site-packages/two_wheel_drive-0.0.0-py3.10.egg-info' (and everything under it)
Copying ../../build/two_wheel_drive/two_wheel_drive.egg-info to /home/benjamin/two_wheel_drive/install/two_wheel_drive/lib/python3.10/site-packages/two_wheel_drive-0.0.0-py3.10.egg-info
running install_scripts
writing list of installed files to '/home/benjamin/two_wheel_drive/build/two_wheel_drive/install.log'
