[0.626s] Invoking command in '/home/benjamin/two_wheel_drive/src/two_wheel_drive': PYTHONPATH=/home/benjamin/two_wheel_drive/build/two_wheel_drive/prefix_override:/home/benjamin/two_wheel_drive/install/two_wheel_drive/lib/python3.10/site-packages:${PYTHONPATH} /usr/bin/python3 setup.py egg_info --egg-base ../../build/two_wheel_drive build --build-base /home/benjamin/two_wheel_drive/build/two_wheel_drive/build install --record /home/benjamin/two_wheel_drive/build/two_wheel_drive/install.log --single-version-externally-managed
[0.872s] running egg_info
[0.873s] writing ../../build/two_wheel_drive/two_wheel_drive.egg-info/PKG-INFO
[0.873s] writing dependency_links to ../../build/two_wheel_drive/two_wheel_drive.egg-info/dependency_links.txt
[0.873s] writing entry points to ../../build/two_wheel_drive/two_wheel_drive.egg-info/entry_points.txt
[0.873s] writing requirements to ../../build/two_wheel_drive/two_wheel_drive.egg-info/requires.txt
[0.873s] writing top-level names to ../../build/two_wheel_drive/two_wheel_drive.egg-info/top_level.txt
[0.876s] reading manifest file '../../build/two_wheel_drive/two_wheel_drive.egg-info/SOURCES.txt'
[0.877s] writing manifest file '../../build/two_wheel_drive/two_wheel_drive.egg-info/SOURCES.txt'
[0.877s] running build
[0.877s] running build_py
[0.877s] copying two_wheel_drive/encoder_reader.py -> /home/benjamin/two_wheel_drive/build/two_wheel_drive/build/lib/two_wheel_drive
[0.877s] running install
[0.878s] running install_lib
[0.879s] copying /home/benjamin/two_wheel_drive/build/two_wheel_drive/build/lib/two_wheel_drive/encoder_reader.py -> /home/benjamin/two_wheel_drive/install/two_wheel_drive/lib/python3.10/site-packages/two_wheel_drive
[0.880s] byte-compiling /home/benjamin/two_wheel_drive/install/two_wheel_drive/lib/python3.10/site-packages/two_wheel_drive/encoder_reader.py to encoder_reader.cpython-310.pyc
[0.880s] running install_data
[0.881s] running install_egg_info
[0.883s] removing '/home/benjamin/two_wheel_drive/install/two_wheel_drive/lib/python3.10/site-packages/two_wheel_drive-0.0.0-py3.10.egg-info' (and everything under it)
[0.883s] Copying ../../build/two_wheel_drive/two_wheel_drive.egg-info to /home/benjamin/two_wheel_drive/install/two_wheel_drive/lib/python3.10/site-packages/two_wheel_drive-0.0.0-py3.10.egg-info
[0.884s] running install_scripts
[0.903s] writing list of installed files to '/home/benjamin/two_wheel_drive/build/two_wheel_drive/install.log'
[0.924s] Invoked command in '/home/benjamin/two_wheel_drive/src/two_wheel_drive' returned '0': PYTHONPATH=/home/benjamin/two_wheel_drive/build/two_wheel_drive/prefix_override:/home/benjamin/two_wheel_drive/install/two_wheel_drive/lib/python3.10/site-packages:${PYTHONPATH} /usr/bin/python3 setup.py egg_info --egg-base ../../build/two_wheel_drive build --build-base /home/benjamin/two_wheel_drive/build/two_wheel_drive/build install --record /home/benjamin/two_wheel_drive/build/two_wheel_drive/install.log --single-version-externally-managed
