[0.011s] Invoking command in '/home/benjamin/two_wheel_drive/build/interfaces': CMAKE_PREFIX_PATH=${CMAKE_PREFIX_PATH}:/home/benjamin/two_wheel_drive/install/two_wheel_drive:/opt/ros/humble /usr/bin/cmake /home/benjamin/two_wheel_drive/src/interfaces -DCMAKE_INSTALL_PREFIX=/home/benjamin/two_wheel_drive/install/interfaces
[0.055s] -- The C compiler identification is GNU 11.3.0
[0.103s] -- The CXX compiler identification is GNU 11.3.0
[0.109s] -- Detecting C compiler ABI info
[0.165s] -- Detecting C compiler ABI info - done
[0.172s] -- Check for working C compiler: /usr/bin/cc - skipped
[0.172s] -- Detecting C compile features
[0.172s] -- Detecting C compile features - done
[0.175s] -- Detecting CXX compiler ABI info
[0.242s] -- Detecting CXX compiler ABI info - done
[0.249s] -- Check for working CXX compiler: /usr/bin/c++ - skipped
[0.250s] -- Detecting CXX compile features
[0.250s] -- Detecting CXX compile features - done
[0.252s] -- Found ament_cmake: 1.3.3 (/opt/ros/humble/share/ament_cmake/cmake)
[0.412s] -- Found Python3: /usr/bin/python3.10 (found version "3.10.6") found components: Interpreter 
[0.497s] -- Found rosidl_default_generators: 1.2.0 (/opt/ros/humble/share/rosidl_default_generators/cmake)
[0.500s] -- Using all available rosidl_typesupport_c: rosidl_typesupport_fastrtps_c;rosidl_typesupport_introspection_c
[0.506s] -- Found rosidl_adapter: 3.1.4 (/opt/ros/humble/share/rosidl_adapter/cmake)
[0.545s] -- Using all available rosidl_typesupport_cpp: rosidl_typesupport_fastrtps_cpp;rosidl_typesupport_introspection_cpp
[0.783s] -- Found ament_cmake_ros: 0.10.0 (/opt/ros/humble/share/ament_cmake_ros/cmake)
[0.949s] -- Using all available rosidl_typesupport_c: rosidl_typesupport_fastrtps_c;rosidl_typesupport_introspection_c
[1.172s] -- Using all available rosidl_typesupport_cpp: rosidl_typesupport_fastrtps_cpp;rosidl_typesupport_introspection_cpp
[1.194s] -- Found PythonInterp: /usr/bin/python3 (found suitable version "3.10.6", minimum required is "3.6") 
[1.195s] -- Found python_cmake_module: 0.10.0 (/opt/ros/humble/share/python_cmake_module/cmake)
[1.218s] -- Found PythonLibs: /usr/lib/x86_64-linux-gnu/libpython3.10.so (found suitable version "3.10.6", minimum required is "3.5") 
[1.218s] -- Using PYTHON_EXECUTABLE: /usr/bin/python3
[1.218s] -- Using PYTHON_INCLUDE_DIRS: /usr/include/python3.10
[1.218s] -- Using PYTHON_LIBRARIES: /usr/lib/x86_64-linux-gnu/libpython3.10.so
[1.243s] -- Found PythonExtra: .so  
[1.281s] -- Configuring done
[1.308s] -- Generating done
[1.310s] -- Build files have been written to: /home/benjamin/two_wheel_drive/build/interfaces
[1.316s] Invoked command in '/home/benjamin/two_wheel_drive/build/interfaces' returned '0': CMAKE_PREFIX_PATH=${CMAKE_PREFIX_PATH}:/home/benjamin/two_wheel_drive/install/two_wheel_drive:/opt/ros/humble /usr/bin/cmake /home/benjamin/two_wheel_drive/src/interfaces -DCMAKE_INSTALL_PREFIX=/home/benjamin/two_wheel_drive/install/interfaces
[1.317s] Invoking command in '/home/benjamin/two_wheel_drive/build/interfaces': CMAKE_PREFIX_PATH=${CMAKE_PREFIX_PATH}:/home/benjamin/two_wheel_drive/install/two_wheel_drive:/opt/ros/humble /usr/bin/cmake --build /home/benjamin/two_wheel_drive/build/interfaces -- -j12 -l12
[1.356s] [  3%] [34m[1mGenerating C code for ROS interfaces[0m
[1.366s] [  6%] [34m[1mGenerating C++ code for ROS interfaces[0m
[1.374s] [  6%] Built target ament_cmake_python_copy_interfaces
[1.692s] [  6%] Built target interfaces__cpp
[1.703s] [  9%] [34m[1mGenerating C++ introspection for ROS interfaces[0m
[1.703s] [ 12%] [34m[1mGenerating C++ type support for eProsima Fast-RTPS[0m
[1.703s] [ 16%] [34m[1mGenerating C++ type support dispatch for ROS interfaces[0m
[1.718s] [ 19%] [32mBuilding C object CMakeFiles/interfaces__rosidl_generator_c.dir/rosidl_generator_c/interfaces/msg/detail/encoder__functions.c.o[0m
[1.753s] running egg_info
[1.754s] creating interfaces.egg-info
[1.754s] writing interfaces.egg-info/PKG-INFO
[1.754s] writing dependency_links to interfaces.egg-info/dependency_links.txt
[1.755s] writing top-level names to interfaces.egg-info/top_level.txt
[1.755s] writing manifest file 'interfaces.egg-info/SOURCES.txt'
[1.759s] reading manifest file 'interfaces.egg-info/SOURCES.txt'
[1.760s] writing manifest file 'interfaces.egg-info/SOURCES.txt'
[1.777s] [ 22%] [32m[1mLinking C shared library libinterfaces__rosidl_generator_c.so[0m
[1.810s] [ 22%] Built target ament_cmake_python_build_interfaces_egg
[1.820s] [ 22%] Built target interfaces__rosidl_generator_c
[1.831s] [ 25%] [34m[1mGenerating C type support for eProsima Fast-RTPS[0m
[1.831s] [ 32%] [34m[1mGenerating C introspection for ROS interfaces[0m
[1.831s] [ 32%] [34m[1mGenerating C type support dispatch for ROS interfaces[0m
[1.960s] [ 35%] [32mBuilding CXX object CMakeFiles/interfaces__rosidl_typesupport_cpp.dir/rosidl_typesupport_cpp/interfaces/msg/encoder__type_support.cpp.o[0m
[2.016s] [ 38%] [32mBuilding CXX object CMakeFiles/interfaces__rosidl_typesupport_introspection_cpp.dir/rosidl_typesupport_introspection_cpp/interfaces/msg/detail/encoder__type_support.cpp.o[0m
[2.087s] [ 41%] [32mBuilding CXX object CMakeFiles/interfaces__rosidl_typesupport_fastrtps_cpp.dir/rosidl_typesupport_fastrtps_cpp/interfaces/msg/detail/dds_fastrtps/encoder__type_support.cpp.o[0m
[2.103s] [ 45%] [32mBuilding CXX object CMakeFiles/interfaces__rosidl_typesupport_c.dir/rosidl_typesupport_c/interfaces/msg/encoder__type_support.cpp.o[0m
[2.120s] [ 48%] [32mBuilding CXX object CMakeFiles/interfaces__rosidl_typesupport_fastrtps_c.dir/rosidl_typesupport_fastrtps_c/interfaces/msg/detail/encoder__type_support_c.cpp.o[0m
[2.136s] [ 51%] [32m[1mLinking CXX shared library libinterfaces__rosidl_typesupport_c.so[0m
[2.172s] [ 54%] [32mBuilding C object CMakeFiles/interfaces__rosidl_typesupport_introspection_c.dir/rosidl_typesupport_introspection_c/interfaces/msg/detail/encoder__type_support.c.o[0m
[2.181s] [ 54%] Built target interfaces__rosidl_typesupport_c
[2.208s] [ 58%] [32m[1mLinking C shared library libinterfaces__rosidl_typesupport_introspection_c.so[0m
[2.241s] [ 58%] Built target interfaces__rosidl_typesupport_introspection_c
[2.262s] [ 61%] [32m[1mLinking CXX shared library libinterfaces__rosidl_typesupport_cpp.so[0m
[2.305s] [ 61%] Built target interfaces__rosidl_typesupport_cpp
[2.424s] [ 64%] [32m[1mLinking CXX shared library libinterfaces__rosidl_typesupport_introspection_cpp.so[0m
[2.468s] [ 64%] Built target interfaces__rosidl_typesupport_introspection_cpp
[2.472s] [ 67%] [32m[1mLinking CXX shared library libinterfaces__rosidl_typesupport_fastrtps_c.so[0m
[2.500s] [ 70%] [32m[1mLinking CXX shared library libinterfaces__rosidl_typesupport_fastrtps_cpp.so[0m
[2.557s] [ 70%] Built target interfaces__rosidl_typesupport_fastrtps_c
[2.581s] [ 70%] Built target interfaces__rosidl_typesupport_fastrtps_cpp
[2.599s] [ 70%] Built target interfaces
[2.618s] [ 74%] [34m[1mGenerating Python code for ROS interfaces[0m
[2.905s] [ 74%] Built target interfaces__py
[2.923s] [ 77%] [32mBuilding C object CMakeFiles/interfaces__rosidl_generator_py.dir/rosidl_generator_py/interfaces/msg/_encoder_s.c.o[0m
[3.015s] [ 80%] [32m[1mLinking C shared library rosidl_generator_py/interfaces/libinterfaces__rosidl_generator_py.so[0m
[3.050s] [ 80%] Built target interfaces__rosidl_generator_py
[3.071s] [ 87%] [32mBuilding C object CMakeFiles/interfaces__rosidl_typesupport_fastrtps_c__pyext.dir/rosidl_generator_py/interfaces/_interfaces_s.ep.rosidl_typesupport_fastrtps_c.c.o[0m
[3.071s] [ 87%] [32mBuilding C object CMakeFiles/interfaces__rosidl_typesupport_c__pyext.dir/rosidl_generator_py/interfaces/_interfaces_s.ep.rosidl_typesupport_c.c.o[0m
[3.071s] [ 90%] [32mBuilding C object CMakeFiles/interfaces__rosidl_typesupport_introspection_c__pyext.dir/rosidl_generator_py/interfaces/_interfaces_s.ep.rosidl_typesupport_introspection_c.c.o[0m
[3.162s] [ 93%] [32m[1mLinking C shared library rosidl_generator_py/interfaces/interfaces_s__rosidl_typesupport_introspection_c.cpython-310-x86_64-linux-gnu.so[0m
[3.193s] [ 93%] Built target interfaces__rosidl_typesupport_introspection_c__pyext
[3.199s] [100%] [32m[1mLinking C shared library rosidl_generator_py/interfaces/interfaces_s__rosidl_typesupport_fastrtps_c.cpython-310-x86_64-linux-gnu.so[0m
[3.199s] [100%] [32m[1mLinking C shared library rosidl_generator_py/interfaces/interfaces_s__rosidl_typesupport_c.cpython-310-x86_64-linux-gnu.so[0m
[3.231s] [100%] Built target interfaces__rosidl_typesupport_c__pyext
[3.234s] [100%] Built target interfaces__rosidl_typesupport_fastrtps_c__pyext
[3.244s] Invoked command in '/home/benjamin/two_wheel_drive/build/interfaces' returned '0': CMAKE_PREFIX_PATH=${CMAKE_PREFIX_PATH}:/home/benjamin/two_wheel_drive/install/two_wheel_drive:/opt/ros/humble /usr/bin/cmake --build /home/benjamin/two_wheel_drive/build/interfaces -- -j12 -l12
[3.309s] Invoking command in '/home/benjamin/two_wheel_drive/build/interfaces': CMAKE_PREFIX_PATH=${CMAKE_PREFIX_PATH}:/home/benjamin/two_wheel_drive/install/two_wheel_drive:/opt/ros/humble /usr/bin/cmake --install /home/benjamin/two_wheel_drive/build/interfaces
[3.317s] -- Install configuration: ""
[3.317s] -- Installing: /home/benjamin/two_wheel_drive/install/interfaces/share/ament_index/resource_index/rosidl_interfaces/interfaces
[3.317s] -- Installing: /home/benjamin/two_wheel_drive/install/interfaces/include/interfaces/interfaces
[3.317s] -- Installing: /home/benjamin/two_wheel_drive/install/interfaces/include/interfaces/interfaces/msg
[3.317s] -- Installing: /home/benjamin/two_wheel_drive/install/interfaces/include/interfaces/interfaces/msg/detail
[3.317s] -- Installing: /home/benjamin/two_wheel_drive/install/interfaces/include/interfaces/interfaces/msg/detail/encoder__type_support.h
[3.317s] -- Installing: /home/benjamin/two_wheel_drive/install/interfaces/include/interfaces/interfaces/msg/detail/encoder__functions.c
[3.318s] -- Installing: /home/benjamin/two_wheel_drive/install/interfaces/include/interfaces/interfaces/msg/detail/encoder__functions.h
[3.318s] -- Installing: /home/benjamin/two_wheel_drive/install/interfaces/include/interfaces/interfaces/msg/detail/encoder__struct.h
[3.318s] -- Installing: /home/benjamin/two_wheel_drive/install/interfaces/include/interfaces/interfaces/msg/rosidl_generator_c__visibility_control.h
[3.318s] -- Installing: /home/benjamin/two_wheel_drive/install/interfaces/include/interfaces/interfaces/msg/encoder.h
[3.318s] -- Installing: /home/benjamin/two_wheel_drive/install/interfaces/share/interfaces/environment/library_path.sh
[3.318s] -- Installing: /home/benjamin/two_wheel_drive/install/interfaces/share/interfaces/environment/library_path.dsv
[3.318s] -- Installing: /home/benjamin/two_wheel_drive/install/interfaces/lib/libinterfaces__rosidl_generator_c.so
[3.319s] -- Set runtime path of "/home/benjamin/two_wheel_drive/install/interfaces/lib/libinterfaces__rosidl_generator_c.so" to ""
[3.319s] -- Up-to-date: /home/benjamin/two_wheel_drive/install/interfaces/include/interfaces/interfaces
[3.319s] -- Up-to-date: /home/benjamin/two_wheel_drive/install/interfaces/include/interfaces/interfaces/msg
[3.319s] -- Up-to-date: /home/benjamin/two_wheel_drive/install/interfaces/include/interfaces/interfaces/msg/detail
[3.319s] -- Installing: /home/benjamin/two_wheel_drive/install/interfaces/include/interfaces/interfaces/msg/detail/encoder__rosidl_typesupport_fastrtps_c.h
[3.319s] -- Installing: /home/benjamin/two_wheel_drive/install/interfaces/include/interfaces/interfaces/msg/rosidl_typesupport_fastrtps_c__visibility_control.h
[3.320s] -- Installing: /home/benjamin/two_wheel_drive/install/interfaces/lib/libinterfaces__rosidl_typesupport_fastrtps_c.so
[3.320s] -- Set runtime path of "/home/benjamin/two_wheel_drive/install/interfaces/lib/libinterfaces__rosidl_typesupport_fastrtps_c.so" to ""
[3.320s] -- Up-to-date: /home/benjamin/two_wheel_drive/install/interfaces/include/interfaces/interfaces
[3.320s] -- Up-to-date: /home/benjamin/two_wheel_drive/install/interfaces/include/interfaces/interfaces/msg
[3.320s] -- Installing: /home/benjamin/two_wheel_drive/install/interfaces/include/interfaces/interfaces/msg/rosidl_typesupport_introspection_c__visibility_control.h
[3.320s] -- Up-to-date: /home/benjamin/two_wheel_drive/install/interfaces/include/interfaces/interfaces/msg/detail
[3.320s] -- Installing: /home/benjamin/two_wheel_drive/install/interfaces/include/interfaces/interfaces/msg/detail/encoder__type_support.c
[3.321s] -- Installing: /home/benjamin/two_wheel_drive/install/interfaces/include/interfaces/interfaces/msg/detail/encoder__rosidl_typesupport_introspection_c.h
[3.321s] -- Installing: /home/benjamin/two_wheel_drive/install/interfaces/lib/libinterfaces__rosidl_typesupport_introspection_c.so
[3.321s] -- Set runtime path of "/home/benjamin/two_wheel_drive/install/interfaces/lib/libinterfaces__rosidl_typesupport_introspection_c.so" to ""
[3.321s] -- Installing: /home/benjamin/two_wheel_drive/install/interfaces/lib/libinterfaces__rosidl_typesupport_c.so
[3.322s] -- Set runtime path of "/home/benjamin/two_wheel_drive/install/interfaces/lib/libinterfaces__rosidl_typesupport_c.so" to ""
[3.322s] -- Up-to-date: /home/benjamin/two_wheel_drive/install/interfaces/include/interfaces/interfaces
[3.322s] -- Up-to-date: /home/benjamin/two_wheel_drive/install/interfaces/include/interfaces/interfaces/msg
[3.322s] -- Installing: /home/benjamin/two_wheel_drive/install/interfaces/include/interfaces/interfaces/msg/encoder.hpp
[3.322s] -- Up-to-date: /home/benjamin/two_wheel_drive/install/interfaces/include/interfaces/interfaces/msg/detail
[3.322s] -- Installing: /home/benjamin/two_wheel_drive/install/interfaces/include/interfaces/interfaces/msg/detail/encoder__builder.hpp
[3.322s] -- Installing: /home/benjamin/two_wheel_drive/install/interfaces/include/interfaces/interfaces/msg/detail/encoder__traits.hpp
[3.322s] -- Installing: /home/benjamin/two_wheel_drive/install/interfaces/include/interfaces/interfaces/msg/detail/encoder__struct.hpp
[3.322s] -- Up-to-date: /home/benjamin/two_wheel_drive/install/interfaces/include/interfaces/interfaces
[3.322s] -- Up-to-date: /home/benjamin/two_wheel_drive/install/interfaces/include/interfaces/interfaces/msg
[3.323s] -- Installing: /home/benjamin/two_wheel_drive/install/interfaces/include/interfaces/interfaces/msg/rosidl_typesupport_fastrtps_cpp__visibility_control.h
[3.323s] -- Up-to-date: /home/benjamin/two_wheel_drive/install/interfaces/include/interfaces/interfaces/msg/detail
[3.323s] -- Installing: /home/benjamin/two_wheel_drive/install/interfaces/include/interfaces/interfaces/msg/detail/encoder__rosidl_typesupport_fastrtps_cpp.hpp
[3.323s] -- Installing: /home/benjamin/two_wheel_drive/install/interfaces/include/interfaces/interfaces/msg/detail/dds_fastrtps
[3.323s] -- Installing: /home/benjamin/two_wheel_drive/install/interfaces/lib/libinterfaces__rosidl_typesupport_fastrtps_cpp.so
[3.323s] -- Set runtime path of "/home/benjamin/two_wheel_drive/install/interfaces/lib/libinterfaces__rosidl_typesupport_fastrtps_cpp.so" to ""
[3.323s] -- Up-to-date: /home/benjamin/two_wheel_drive/install/interfaces/include/interfaces/interfaces
[3.324s] -- Up-to-date: /home/benjamin/two_wheel_drive/install/interfaces/include/interfaces/interfaces/msg
[3.324s] -- Up-to-date: /home/benjamin/two_wheel_drive/install/interfaces/include/interfaces/interfaces/msg/detail
[3.324s] -- Installing: /home/benjamin/two_wheel_drive/install/interfaces/include/interfaces/interfaces/msg/detail/encoder__type_support.cpp
[3.324s] -- Installing: /home/benjamin/two_wheel_drive/install/interfaces/include/interfaces/interfaces/msg/detail/encoder__rosidl_typesupport_introspection_cpp.hpp
[3.324s] -- Installing: /home/benjamin/two_wheel_drive/install/interfaces/lib/libinterfaces__rosidl_typesupport_introspection_cpp.so
[3.324s] -- Set runtime path of "/home/benjamin/two_wheel_drive/install/interfaces/lib/libinterfaces__rosidl_typesupport_introspection_cpp.so" to ""
[3.325s] -- Installing: /home/benjamin/two_wheel_drive/install/interfaces/lib/libinterfaces__rosidl_typesupport_cpp.so
[3.325s] -- Set runtime path of "/home/benjamin/two_wheel_drive/install/interfaces/lib/libinterfaces__rosidl_typesupport_cpp.so" to ""
[3.325s] -- Installing: /home/benjamin/two_wheel_drive/install/interfaces/share/interfaces/environment/pythonpath.sh
[3.325s] -- Installing: /home/benjamin/two_wheel_drive/install/interfaces/share/interfaces/environment/pythonpath.dsv
[3.325s] -- Installing: /home/benjamin/two_wheel_drive/install/interfaces/local/lib/python3.10/dist-packages/interfaces-0.0.0-py3.10.egg-info
[3.325s] -- Installing: /home/benjamin/two_wheel_drive/install/interfaces/local/lib/python3.10/dist-packages/interfaces-0.0.0-py3.10.egg-info/dependency_links.txt
[3.326s] -- Installing: /home/benjamin/two_wheel_drive/install/interfaces/local/lib/python3.10/dist-packages/interfaces-0.0.0-py3.10.egg-info/SOURCES.txt
[3.326s] -- Installing: /home/benjamin/two_wheel_drive/install/interfaces/local/lib/python3.10/dist-packages/interfaces-0.0.0-py3.10.egg-info/PKG-INFO
[3.326s] -- Installing: /home/benjamin/two_wheel_drive/install/interfaces/local/lib/python3.10/dist-packages/interfaces-0.0.0-py3.10.egg-info/top_level.txt
[3.326s] -- Installing: /home/benjamin/two_wheel_drive/install/interfaces/local/lib/python3.10/dist-packages/interfaces
[3.326s] -- Installing: /home/benjamin/two_wheel_drive/install/interfaces/local/lib/python3.10/dist-packages/interfaces/msg
[3.326s] -- Installing: /home/benjamin/two_wheel_drive/install/interfaces/local/lib/python3.10/dist-packages/interfaces/msg/_encoder_s.c
[3.326s] -- Installing: /home/benjamin/two_wheel_drive/install/interfaces/local/lib/python3.10/dist-packages/interfaces/msg/_encoder.py
[3.326s] -- Installing: /home/benjamin/two_wheel_drive/install/interfaces/local/lib/python3.10/dist-packages/interfaces/msg/__init__.py
[3.326s] -- Installing: /home/benjamin/two_wheel_drive/install/interfaces/local/lib/python3.10/dist-packages/interfaces/_interfaces_s.ep.rosidl_typesupport_introspection_c.c
[3.326s] -- Installing: /home/benjamin/two_wheel_drive/install/interfaces/local/lib/python3.10/dist-packages/interfaces/_interfaces_s.ep.rosidl_typesupport_c.c
[3.327s] -- Installing: /home/benjamin/two_wheel_drive/install/interfaces/local/lib/python3.10/dist-packages/interfaces/_interfaces_s.ep.rosidl_typesupport_fastrtps_c.c
[3.327s] -- Installing: /home/benjamin/two_wheel_drive/install/interfaces/local/lib/python3.10/dist-packages/interfaces/libinterfaces__rosidl_generator_py.so
[3.327s] -- Installing: /home/benjamin/two_wheel_drive/install/interfaces/local/lib/python3.10/dist-packages/interfaces/__init__.py
[3.327s] -- Installing: /home/benjamin/two_wheel_drive/install/interfaces/local/lib/python3.10/dist-packages/interfaces/interfaces_s__rosidl_typesupport_introspection_c.cpython-310-x86_64-linux-gnu.so
[3.327s] -- Installing: /home/benjamin/two_wheel_drive/install/interfaces/local/lib/python3.10/dist-packages/interfaces/interfaces_s__rosidl_typesupport_fastrtps_c.cpython-310-x86_64-linux-gnu.so
[3.327s] -- Installing: /home/benjamin/two_wheel_drive/install/interfaces/local/lib/python3.10/dist-packages/interfaces/interfaces_s__rosidl_typesupport_c.cpython-310-x86_64-linux-gnu.so
[3.359s] Listing '/home/benjamin/two_wheel_drive/install/interfaces/local/lib/python3.10/dist-packages/interfaces'...
[3.359s] Compiling '/home/benjamin/two_wheel_drive/install/interfaces/local/lib/python3.10/dist-packages/interfaces/__init__.py'...
[3.359s] Listing '/home/benjamin/two_wheel_drive/install/interfaces/local/lib/python3.10/dist-packages/interfaces/msg'...
[3.359s] Compiling '/home/benjamin/two_wheel_drive/install/interfaces/local/lib/python3.10/dist-packages/interfaces/msg/__init__.py'...
[3.359s] Compiling '/home/benjamin/two_wheel_drive/install/interfaces/local/lib/python3.10/dist-packages/interfaces/msg/_encoder.py'...
[3.363s] -- Installing: /home/benjamin/two_wheel_drive/install/interfaces/local/lib/python3.10/dist-packages/interfaces/interfaces_s__rosidl_typesupport_fastrtps_c.cpython-310-x86_64-linux-gnu.so
[3.364s] -- Set runtime path of "/home/benjamin/two_wheel_drive/install/interfaces/local/lib/python3.10/dist-packages/interfaces/interfaces_s__rosidl_typesupport_fastrtps_c.cpython-310-x86_64-linux-gnu.so" to ""
[3.364s] -- Installing: /home/benjamin/two_wheel_drive/install/interfaces/local/lib/python3.10/dist-packages/interfaces/interfaces_s__rosidl_typesupport_introspection_c.cpython-310-x86_64-linux-gnu.so
[3.364s] -- Set runtime path of "/home/benjamin/two_wheel_drive/install/interfaces/local/lib/python3.10/dist-packages/interfaces/interfaces_s__rosidl_typesupport_introspection_c.cpython-310-x86_64-linux-gnu.so" to ""
[3.365s] -- Installing: /home/benjamin/two_wheel_drive/install/interfaces/local/lib/python3.10/dist-packages/interfaces/interfaces_s__rosidl_typesupport_c.cpython-310-x86_64-linux-gnu.so
[3.365s] -- Set runtime path of "/home/benjamin/two_wheel_drive/install/interfaces/local/lib/python3.10/dist-packages/interfaces/interfaces_s__rosidl_typesupport_c.cpython-310-x86_64-linux-gnu.so" to ""
[3.365s] -- Installing: /home/benjamin/two_wheel_drive/install/interfaces/lib/libinterfaces__rosidl_generator_py.so
[3.365s] -- Set runtime path of "/home/benjamin/two_wheel_drive/install/interfaces/lib/libinterfaces__rosidl_generator_py.so" to ""
[3.365s] -- Installing: /home/benjamin/two_wheel_drive/install/interfaces/share/interfaces/msg/Encoder.idl
[3.366s] -- Installing: /home/benjamin/two_wheel_drive/install/interfaces/share/interfaces/msg/Encoder.msg
[3.366s] -- Installing: /home/benjamin/two_wheel_drive/install/interfaces/share/ament_index/resource_index/package_run_dependencies/interfaces
[3.366s] -- Installing: /home/benjamin/two_wheel_drive/install/interfaces/share/ament_index/resource_index/parent_prefix_path/interfaces
[3.366s] -- Installing: /home/benjamin/two_wheel_drive/install/interfaces/share/interfaces/environment/ament_prefix_path.sh
[3.366s] -- Installing: /home/benjamin/two_wheel_drive/install/interfaces/share/interfaces/environment/ament_prefix_path.dsv
[3.366s] -- Installing: /home/benjamin/two_wheel_drive/install/interfaces/share/interfaces/environment/path.sh
[3.366s] -- Installing: /home/benjamin/two_wheel_drive/install/interfaces/share/interfaces/environment/path.dsv
[3.366s] -- Installing: /home/benjamin/two_wheel_drive/install/interfaces/share/interfaces/local_setup.bash
[3.367s] -- Installing: /home/benjamin/two_wheel_drive/install/interfaces/share/interfaces/local_setup.sh
[3.367s] -- Installing: /home/benjamin/two_wheel_drive/install/interfaces/share/interfaces/local_setup.zsh
[3.367s] -- Installing: /home/benjamin/two_wheel_drive/install/interfaces/share/interfaces/local_setup.dsv
[3.367s] -- Installing: /home/benjamin/two_wheel_drive/install/interfaces/share/interfaces/package.dsv
[3.368s] -- Installing: /home/benjamin/two_wheel_drive/install/interfaces/share/ament_index/resource_index/packages/interfaces
[3.368s] -- Installing: /home/benjamin/two_wheel_drive/install/interfaces/share/interfaces/cmake/export_interfaces__rosidl_generator_cExport.cmake
[3.368s] -- Installing: /home/benjamin/two_wheel_drive/install/interfaces/share/interfaces/cmake/export_interfaces__rosidl_generator_cExport-noconfig.cmake
[3.368s] -- Installing: /home/benjamin/two_wheel_drive/install/interfaces/share/interfaces/cmake/export_interfaces__rosidl_typesupport_fastrtps_cExport.cmake
[3.368s] -- Installing: /home/benjamin/two_wheel_drive/install/interfaces/share/interfaces/cmake/export_interfaces__rosidl_typesupport_fastrtps_cExport-noconfig.cmake
[3.369s] -- Installing: /home/benjamin/two_wheel_drive/install/interfaces/share/interfaces/cmake/interfaces__rosidl_typesupport_introspection_cExport.cmake
[3.369s] -- Installing: /home/benjamin/two_wheel_drive/install/interfaces/share/interfaces/cmake/interfaces__rosidl_typesupport_introspection_cExport-noconfig.cmake
[3.369s] -- Installing: /home/benjamin/two_wheel_drive/install/interfaces/share/interfaces/cmake/interfaces__rosidl_typesupport_cExport.cmake
[3.369s] -- Installing: /home/benjamin/two_wheel_drive/install/interfaces/share/interfaces/cmake/interfaces__rosidl_typesupport_cExport-noconfig.cmake
[3.369s] -- Installing: /home/benjamin/two_wheel_drive/install/interfaces/share/interfaces/cmake/export_interfaces__rosidl_generator_cppExport.cmake
[3.369s] -- Installing: /home/benjamin/two_wheel_drive/install/interfaces/share/interfaces/cmake/export_interfaces__rosidl_typesupport_fastrtps_cppExport.cmake
[3.369s] -- Installing: /home/benjamin/two_wheel_drive/install/interfaces/share/interfaces/cmake/export_interfaces__rosidl_typesupport_fastrtps_cppExport-noconfig.cmake
[3.369s] -- Installing: /home/benjamin/two_wheel_drive/install/interfaces/share/interfaces/cmake/interfaces__rosidl_typesupport_introspection_cppExport.cmake
[3.370s] -- Installing: /home/benjamin/two_wheel_drive/install/interfaces/share/interfaces/cmake/interfaces__rosidl_typesupport_introspection_cppExport-noconfig.cmake
[3.370s] -- Installing: /home/benjamin/two_wheel_drive/install/interfaces/share/interfaces/cmake/interfaces__rosidl_typesupport_cppExport.cmake
[3.370s] -- Installing: /home/benjamin/two_wheel_drive/install/interfaces/share/interfaces/cmake/interfaces__rosidl_typesupport_cppExport-noconfig.cmake
[3.370s] -- Installing: /home/benjamin/two_wheel_drive/install/interfaces/share/interfaces/cmake/export_interfaces__rosidl_generator_pyExport.cmake
[3.370s] -- Installing: /home/benjamin/two_wheel_drive/install/interfaces/share/interfaces/cmake/export_interfaces__rosidl_generator_pyExport-noconfig.cmake
[3.370s] -- Installing: /home/benjamin/two_wheel_drive/install/interfaces/share/interfaces/cmake/rosidl_cmake-extras.cmake
[3.370s] -- Installing: /home/benjamin/two_wheel_drive/install/interfaces/share/interfaces/cmake/ament_cmake_export_include_directories-extras.cmake
[3.370s] -- Installing: /home/benjamin/two_wheel_drive/install/interfaces/share/interfaces/cmake/ament_cmake_export_libraries-extras.cmake
[3.371s] -- Installing: /home/benjamin/two_wheel_drive/install/interfaces/share/interfaces/cmake/ament_cmake_export_targets-extras.cmake
[3.371s] -- Installing: /home/benjamin/two_wheel_drive/install/interfaces/share/interfaces/cmake/rosidl_cmake_export_typesupport_targets-extras.cmake
[3.371s] -- Installing: /home/benjamin/two_wheel_drive/install/interfaces/share/interfaces/cmake/ament_cmake_export_dependencies-extras.cmake
[3.371s] -- Installing: /home/benjamin/two_wheel_drive/install/interfaces/share/interfaces/cmake/rosidl_cmake_export_typesupport_libraries-extras.cmake
[3.371s] -- Installing: /home/benjamin/two_wheel_drive/install/interfaces/share/interfaces/cmake/interfacesConfig.cmake
[3.371s] -- Installing: /home/benjamin/two_wheel_drive/install/interfaces/share/interfaces/cmake/interfacesConfig-version.cmake
[3.371s] -- Installing: /home/benjamin/two_wheel_drive/install/interfaces/share/interfaces/package.xml
[3.374s] Invoked command in '/home/benjamin/two_wheel_drive/build/interfaces' returned '0': CMAKE_PREFIX_PATH=${CMAKE_PREFIX_PATH}:/home/benjamin/two_wheel_drive/install/two_wheel_drive:/opt/ros/humble /usr/bin/cmake --install /home/benjamin/two_wheel_drive/build/interfaces
