[0.012s] Invoking command in '/home/benjamin/two_wheel_drive/build/interfaces': CMAKE_PREFIX_PATH=${CMAKE_PREFIX_PATH}:/home/benjamin/two_wheel_drive/install/two_wheel_drive:/opt/ros/humble /usr/bin/cmake --build /home/benjamin/two_wheel_drive/build/interfaces -- -j12 -l12
[0.053s] [  3%] Built target interfaces__cpp
[0.053s] [ 12%] Built target interfaces__rosidl_generator_c
[0.062s] [ 12%] Built target ament_cmake_python_copy_interfaces
[0.074s] [ 22%] Built target interfaces__rosidl_typesupport_cpp
[0.074s] [ 32%] Built target interfaces__rosidl_typesupport_introspection_cpp
[0.076s] [ 41%] Built target interfaces__rosidl_typesupport_fastrtps_cpp
[0.082s] [ 51%] Built target interfaces__rosidl_typesupport_c
[0.082s] [ 67%] Built target interfaces__rosidl_typesupport_introspection_c
[0.082s] [ 70%] Built target interfaces__rosidl_typesupport_fastrtps_c
[0.099s] [ 70%] Built target interfaces
[0.117s] [ 74%] Built target interfaces__py
[0.138s] [ 80%] Built target interfaces__rosidl_generator_py
[0.157s] [100%] Built target interfaces__rosidl_typesupport_fastrtps_c__pyext
[0.157s] [100%] Built target interfaces__rosidl_typesupport_c__pyext
[0.157s] [100%] Built target interfaces__rosidl_typesupport_introspection_c__pyext
[0.324s] running egg_info
[0.325s] writing interfaces.egg-info/PKG-INFO
[0.325s] writing dependency_links to interfaces.egg-info/dependency_links.txt
[0.325s] writing top-level names to interfaces.egg-info/top_level.txt
[0.327s] reading manifest file 'interfaces.egg-info/SOURCES.txt'
[0.328s] writing manifest file 'interfaces.egg-info/SOURCES.txt'
[0.352s] [100%] Built target ament_cmake_python_build_interfaces_egg
[0.362s] Invoked command in '/home/benjamin/two_wheel_drive/build/interfaces' returned '0': CMAKE_PREFIX_PATH=${CMAKE_PREFIX_PATH}:/home/benjamin/two_wheel_drive/install/two_wheel_drive:/opt/ros/humble /usr/bin/cmake --build /home/benjamin/two_wheel_drive/build/interfaces -- -j12 -l12
[0.425s] Invoking command in '/home/benjamin/two_wheel_drive/build/interfaces': CMAKE_PREFIX_PATH=${CMAKE_PREFIX_PATH}:/home/benjamin/two_wheel_drive/install/two_wheel_drive:/opt/ros/humble /usr/bin/cmake --install /home/benjamin/two_wheel_drive/build/interfaces
[0.431s] -- Install configuration: ""
[0.431s] -- Up-to-date: /home/benjamin/two_wheel_drive/install/interfaces/share/ament_index/resource_index/rosidl_interfaces/interfaces
[0.431s] -- Up-to-date: /home/benjamin/two_wheel_drive/install/interfaces/include/interfaces/interfaces
[0.432s] -- Up-to-date: /home/benjamin/two_wheel_drive/install/interfaces/include/interfaces/interfaces/msg
[0.432s] -- Up-to-date: /home/benjamin/two_wheel_drive/install/interfaces/include/interfaces/interfaces/msg/detail
[0.432s] -- Up-to-date: /home/benjamin/two_wheel_drive/install/interfaces/include/interfaces/interfaces/msg/detail/encoder__type_support.h
[0.432s] -- Up-to-date: /home/benjamin/two_wheel_drive/install/interfaces/include/interfaces/interfaces/msg/detail/encoder__functions.c
[0.432s] -- Up-to-date: /home/benjamin/two_wheel_drive/install/interfaces/include/interfaces/interfaces/msg/detail/encoder__functions.h
[0.432s] -- Up-to-date: /home/benjamin/two_wheel_drive/install/interfaces/include/interfaces/interfaces/msg/detail/encoder__struct.h
[0.432s] -- Up-to-date: /home/benjamin/two_wheel_drive/install/interfaces/include/interfaces/interfaces/msg/rosidl_generator_c__visibility_control.h
[0.432s] -- Up-to-date: /home/benjamin/two_wheel_drive/install/interfaces/include/interfaces/interfaces/msg/encoder.h
[0.432s] -- Up-to-date: /home/benjamin/two_wheel_drive/install/interfaces/share/interfaces/environment/library_path.sh
[0.433s] -- Up-to-date: /home/benjamin/two_wheel_drive/install/interfaces/share/interfaces/environment/library_path.dsv
[0.433s] -- Up-to-date: /home/benjamin/two_wheel_drive/install/interfaces/lib/libinterfaces__rosidl_generator_c.so
[0.433s] -- Up-to-date: /home/benjamin/two_wheel_drive/install/interfaces/include/interfaces/interfaces
[0.433s] -- Up-to-date: /home/benjamin/two_wheel_drive/install/interfaces/include/interfaces/interfaces/msg
[0.433s] -- Up-to-date: /home/benjamin/two_wheel_drive/install/interfaces/include/interfaces/interfaces/msg/detail
[0.433s] -- Up-to-date: /home/benjamin/two_wheel_drive/install/interfaces/include/interfaces/interfaces/msg/detail/encoder__rosidl_typesupport_fastrtps_c.h
[0.433s] -- Up-to-date: /home/benjamin/two_wheel_drive/install/interfaces/include/interfaces/interfaces/msg/rosidl_typesupport_fastrtps_c__visibility_control.h
[0.433s] -- Up-to-date: /home/benjamin/two_wheel_drive/install/interfaces/lib/libinterfaces__rosidl_typesupport_fastrtps_c.so
[0.433s] -- Up-to-date: /home/benjamin/two_wheel_drive/install/interfaces/include/interfaces/interfaces
[0.433s] -- Up-to-date: /home/benjamin/two_wheel_drive/install/interfaces/include/interfaces/interfaces/msg
[0.433s] -- Up-to-date: /home/benjamin/two_wheel_drive/install/interfaces/include/interfaces/interfaces/msg/rosidl_typesupport_introspection_c__visibility_control.h
[0.433s] -- Up-to-date: /home/benjamin/two_wheel_drive/install/interfaces/include/interfaces/interfaces/msg/detail
[0.434s] -- Up-to-date: /home/benjamin/two_wheel_drive/install/interfaces/include/interfaces/interfaces/msg/detail/encoder__type_support.c
[0.434s] -- Up-to-date: /home/benjamin/two_wheel_drive/install/interfaces/include/interfaces/interfaces/msg/detail/encoder__rosidl_typesupport_introspection_c.h
[0.434s] -- Up-to-date: /home/benjamin/two_wheel_drive/install/interfaces/lib/libinterfaces__rosidl_typesupport_introspection_c.so
[0.434s] -- Up-to-date: /home/benjamin/two_wheel_drive/install/interfaces/lib/libinterfaces__rosidl_typesupport_c.so
[0.434s] -- Up-to-date: /home/benjamin/two_wheel_drive/install/interfaces/include/interfaces/interfaces
[0.434s] -- Up-to-date: /home/benjamin/two_wheel_drive/install/interfaces/include/interfaces/interfaces/msg
[0.434s] -- Up-to-date: /home/benjamin/two_wheel_drive/install/interfaces/include/interfaces/interfaces/msg/encoder.hpp
[0.434s] -- Up-to-date: /home/benjamin/two_wheel_drive/install/interfaces/include/interfaces/interfaces/msg/detail
[0.434s] -- Up-to-date: /home/benjamin/two_wheel_drive/install/interfaces/include/interfaces/interfaces/msg/detail/encoder__builder.hpp
[0.434s] -- Up-to-date: /home/benjamin/two_wheel_drive/install/interfaces/include/interfaces/interfaces/msg/detail/encoder__traits.hpp
[0.435s] -- Up-to-date: /home/benjamin/two_wheel_drive/install/interfaces/include/interfaces/interfaces/msg/detail/encoder__struct.hpp
[0.435s] -- Up-to-date: /home/benjamin/two_wheel_drive/install/interfaces/include/interfaces/interfaces
[0.435s] -- Up-to-date: /home/benjamin/two_wheel_drive/install/interfaces/include/interfaces/interfaces/msg
[0.435s] -- Up-to-date: /home/benjamin/two_wheel_drive/install/interfaces/include/interfaces/interfaces/msg/rosidl_typesupport_fastrtps_cpp__visibility_control.h
[0.435s] -- Up-to-date: /home/benjamin/two_wheel_drive/install/interfaces/include/interfaces/interfaces/msg/detail
[0.435s] -- Up-to-date: /home/benjamin/two_wheel_drive/install/interfaces/include/interfaces/interfaces/msg/detail/encoder__rosidl_typesupport_fastrtps_cpp.hpp
[0.435s] -- Up-to-date: /home/benjamin/two_wheel_drive/install/interfaces/include/interfaces/interfaces/msg/detail/dds_fastrtps
[0.435s] -- Up-to-date: /home/benjamin/two_wheel_drive/install/interfaces/lib/libinterfaces__rosidl_typesupport_fastrtps_cpp.so
[0.435s] -- Up-to-date: /home/benjamin/two_wheel_drive/install/interfaces/include/interfaces/interfaces
[0.436s] -- Up-to-date: /home/benjamin/two_wheel_drive/install/interfaces/include/interfaces/interfaces/msg
[0.436s] -- Up-to-date: /home/benjamin/two_wheel_drive/install/interfaces/include/interfaces/interfaces/msg/detail
[0.436s] -- Up-to-date: /home/benjamin/two_wheel_drive/install/interfaces/include/interfaces/interfaces/msg/detail/encoder__type_support.cpp
[0.436s] -- Up-to-date: /home/benjamin/two_wheel_drive/install/interfaces/include/interfaces/interfaces/msg/detail/encoder__rosidl_typesupport_introspection_cpp.hpp
[0.436s] -- Up-to-date: /home/benjamin/two_wheel_drive/install/interfaces/lib/libinterfaces__rosidl_typesupport_introspection_cpp.so
[0.436s] -- Up-to-date: /home/benjamin/two_wheel_drive/install/interfaces/lib/libinterfaces__rosidl_typesupport_cpp.so
[0.436s] -- Up-to-date: /home/benjamin/two_wheel_drive/install/interfaces/share/interfaces/environment/pythonpath.sh
[0.436s] -- Up-to-date: /home/benjamin/two_wheel_drive/install/interfaces/share/interfaces/environment/pythonpath.dsv
[0.436s] -- Up-to-date: /home/benjamin/two_wheel_drive/install/interfaces/local/lib/python3.10/dist-packages/interfaces-0.0.0-py3.10.egg-info
[0.436s] -- Installing: /home/benjamin/two_wheel_drive/install/interfaces/local/lib/python3.10/dist-packages/interfaces-0.0.0-py3.10.egg-info/dependency_links.txt
[0.436s] -- Installing: /home/benjamin/two_wheel_drive/install/interfaces/local/lib/python3.10/dist-packages/interfaces-0.0.0-py3.10.egg-info/SOURCES.txt
[0.437s] -- Installing: /home/benjamin/two_wheel_drive/install/interfaces/local/lib/python3.10/dist-packages/interfaces-0.0.0-py3.10.egg-info/PKG-INFO
[0.437s] -- Installing: /home/benjamin/two_wheel_drive/install/interfaces/local/lib/python3.10/dist-packages/interfaces-0.0.0-py3.10.egg-info/top_level.txt
[0.437s] -- Up-to-date: /home/benjamin/two_wheel_drive/install/interfaces/local/lib/python3.10/dist-packages/interfaces
[0.437s] -- Up-to-date: /home/benjamin/two_wheel_drive/install/interfaces/local/lib/python3.10/dist-packages/interfaces/msg
[0.437s] -- Up-to-date: /home/benjamin/two_wheel_drive/install/interfaces/local/lib/python3.10/dist-packages/interfaces/msg/_encoder_s.c
[0.437s] -- Up-to-date: /home/benjamin/two_wheel_drive/install/interfaces/local/lib/python3.10/dist-packages/interfaces/msg/_encoder.py
[0.437s] -- Up-to-date: /home/benjamin/two_wheel_drive/install/interfaces/local/lib/python3.10/dist-packages/interfaces/msg/__init__.py
[0.437s] -- Up-to-date: /home/benjamin/two_wheel_drive/install/interfaces/local/lib/python3.10/dist-packages/interfaces/_interfaces_s.ep.rosidl_typesupport_introspection_c.c
[0.437s] -- Up-to-date: /home/benjamin/two_wheel_drive/install/interfaces/local/lib/python3.10/dist-packages/interfaces/_interfaces_s.ep.rosidl_typesupport_c.c
[0.437s] -- Up-to-date: /home/benjamin/two_wheel_drive/install/interfaces/local/lib/python3.10/dist-packages/interfaces/_interfaces_s.ep.rosidl_typesupport_fastrtps_c.c
[0.437s] -- Up-to-date: /home/benjamin/two_wheel_drive/install/interfaces/local/lib/python3.10/dist-packages/interfaces/libinterfaces__rosidl_generator_py.so
[0.438s] -- Up-to-date: /home/benjamin/two_wheel_drive/install/interfaces/local/lib/python3.10/dist-packages/interfaces/__init__.py
[0.438s] -- Up-to-date: /home/benjamin/two_wheel_drive/install/interfaces/local/lib/python3.10/dist-packages/interfaces/interfaces_s__rosidl_typesupport_introspection_c.cpython-310-x86_64-linux-gnu.so
[0.438s] -- Up-to-date: /home/benjamin/two_wheel_drive/install/interfaces/local/lib/python3.10/dist-packages/interfaces/interfaces_s__rosidl_typesupport_fastrtps_c.cpython-310-x86_64-linux-gnu.so
[0.438s] -- Up-to-date: /home/benjamin/two_wheel_drive/install/interfaces/local/lib/python3.10/dist-packages/interfaces/interfaces_s__rosidl_typesupport_c.cpython-310-x86_64-linux-gnu.so
[0.468s] Listing '/home/benjamin/two_wheel_drive/install/interfaces/local/lib/python3.10/dist-packages/interfaces'...
[0.468s] Listing '/home/benjamin/two_wheel_drive/install/interfaces/local/lib/python3.10/dist-packages/interfaces/msg'...
[0.471s] -- Up-to-date: /home/benjamin/two_wheel_drive/install/interfaces/local/lib/python3.10/dist-packages/interfaces/interfaces_s__rosidl_typesupport_fastrtps_c.cpython-310-x86_64-linux-gnu.so
[0.472s] -- Up-to-date: /home/benjamin/two_wheel_drive/install/interfaces/local/lib/python3.10/dist-packages/interfaces/interfaces_s__rosidl_typesupport_introspection_c.cpython-310-x86_64-linux-gnu.so
[0.472s] -- Up-to-date: /home/benjamin/two_wheel_drive/install/interfaces/local/lib/python3.10/dist-packages/interfaces/interfaces_s__rosidl_typesupport_c.cpython-310-x86_64-linux-gnu.so
[0.472s] -- Up-to-date: /home/benjamin/two_wheel_drive/install/interfaces/lib/libinterfaces__rosidl_generator_py.so
[0.473s] -- Up-to-date: /home/benjamin/two_wheel_drive/install/interfaces/share/interfaces/msg/Encoder.idl
[0.473s] -- Up-to-date: /home/benjamin/two_wheel_drive/install/interfaces/share/interfaces/msg/Encoder.msg
[0.473s] -- Up-to-date: /home/benjamin/two_wheel_drive/install/interfaces/share/ament_index/resource_index/package_run_dependencies/interfaces
[0.473s] -- Up-to-date: /home/benjamin/two_wheel_drive/install/interfaces/share/ament_index/resource_index/parent_prefix_path/interfaces
[0.473s] -- Up-to-date: /home/benjamin/two_wheel_drive/install/interfaces/share/interfaces/environment/ament_prefix_path.sh
[0.474s] -- Up-to-date: /home/benjamin/two_wheel_drive/install/interfaces/share/interfaces/environment/ament_prefix_path.dsv
[0.474s] -- Up-to-date: /home/benjamin/two_wheel_drive/install/interfaces/share/interfaces/environment/path.sh
[0.474s] -- Up-to-date: /home/benjamin/two_wheel_drive/install/interfaces/share/interfaces/environment/path.dsv
[0.474s] -- Up-to-date: /home/benjamin/two_wheel_drive/install/interfaces/share/interfaces/local_setup.bash
[0.474s] -- Up-to-date: /home/benjamin/two_wheel_drive/install/interfaces/share/interfaces/local_setup.sh
[0.474s] -- Up-to-date: /home/benjamin/two_wheel_drive/install/interfaces/share/interfaces/local_setup.zsh
[0.474s] -- Up-to-date: /home/benjamin/two_wheel_drive/install/interfaces/share/interfaces/local_setup.dsv
[0.475s] -- Installing: /home/benjamin/two_wheel_drive/install/interfaces/share/interfaces/package.dsv
[0.475s] -- Up-to-date: /home/benjamin/two_wheel_drive/install/interfaces/share/ament_index/resource_index/packages/interfaces
[0.475s] -- Up-to-date: /home/benjamin/two_wheel_drive/install/interfaces/share/interfaces/cmake/export_interfaces__rosidl_generator_cExport.cmake
[0.475s] -- Up-to-date: /home/benjamin/two_wheel_drive/install/interfaces/share/interfaces/cmake/export_interfaces__rosidl_generator_cExport-noconfig.cmake
[0.475s] -- Up-to-date: /home/benjamin/two_wheel_drive/install/interfaces/share/interfaces/cmake/export_interfaces__rosidl_typesupport_fastrtps_cExport.cmake
[0.475s] -- Up-to-date: /home/benjamin/two_wheel_drive/install/interfaces/share/interfaces/cmake/export_interfaces__rosidl_typesupport_fastrtps_cExport-noconfig.cmake
[0.476s] -- Up-to-date: /home/benjamin/two_wheel_drive/install/interfaces/share/interfaces/cmake/interfaces__rosidl_typesupport_introspection_cExport.cmake
[0.476s] -- Up-to-date: /home/benjamin/two_wheel_drive/install/interfaces/share/interfaces/cmake/interfaces__rosidl_typesupport_introspection_cExport-noconfig.cmake
[0.476s] -- Up-to-date: /home/benjamin/two_wheel_drive/install/interfaces/share/interfaces/cmake/interfaces__rosidl_typesupport_cExport.cmake
[0.476s] -- Up-to-date: /home/benjamin/two_wheel_drive/install/interfaces/share/interfaces/cmake/interfaces__rosidl_typesupport_cExport-noconfig.cmake
[0.476s] -- Up-to-date: /home/benjamin/two_wheel_drive/install/interfaces/share/interfaces/cmake/export_interfaces__rosidl_generator_cppExport.cmake
[0.476s] -- Up-to-date: /home/benjamin/two_wheel_drive/install/interfaces/share/interfaces/cmake/export_interfaces__rosidl_typesupport_fastrtps_cppExport.cmake
[0.476s] -- Up-to-date: /home/benjamin/two_wheel_drive/install/interfaces/share/interfaces/cmake/export_interfaces__rosidl_typesupport_fastrtps_cppExport-noconfig.cmake
[0.477s] -- Up-to-date: /home/benjamin/two_wheel_drive/install/interfaces/share/interfaces/cmake/interfaces__rosidl_typesupport_introspection_cppExport.cmake
[0.477s] -- Up-to-date: /home/benjamin/two_wheel_drive/install/interfaces/share/interfaces/cmake/interfaces__rosidl_typesupport_introspection_cppExport-noconfig.cmake
[0.477s] -- Up-to-date: /home/benjamin/two_wheel_drive/install/interfaces/share/interfaces/cmake/interfaces__rosidl_typesupport_cppExport.cmake
[0.477s] -- Up-to-date: /home/benjamin/two_wheel_drive/install/interfaces/share/interfaces/cmake/interfaces__rosidl_typesupport_cppExport-noconfig.cmake
[0.477s] -- Up-to-date: /home/benjamin/two_wheel_drive/install/interfaces/share/interfaces/cmake/export_interfaces__rosidl_generator_pyExport.cmake
[0.477s] -- Up-to-date: /home/benjamin/two_wheel_drive/install/interfaces/share/interfaces/cmake/export_interfaces__rosidl_generator_pyExport-noconfig.cmake
[0.477s] -- Up-to-date: /home/benjamin/two_wheel_drive/install/interfaces/share/interfaces/cmake/rosidl_cmake-extras.cmake
[0.477s] -- Up-to-date: /home/benjamin/two_wheel_drive/install/interfaces/share/interfaces/cmake/ament_cmake_export_include_directories-extras.cmake
[0.478s] -- Up-to-date: /home/benjamin/two_wheel_drive/install/interfaces/share/interfaces/cmake/ament_cmake_export_libraries-extras.cmake
[0.478s] -- Up-to-date: /home/benjamin/two_wheel_drive/install/interfaces/share/interfaces/cmake/ament_cmake_export_targets-extras.cmake
[0.478s] -- Up-to-date: /home/benjamin/two_wheel_drive/install/interfaces/share/interfaces/cmake/rosidl_cmake_export_typesupport_targets-extras.cmake
[0.478s] -- Up-to-date: /home/benjamin/two_wheel_drive/install/interfaces/share/interfaces/cmake/ament_cmake_export_dependencies-extras.cmake
[0.478s] -- Up-to-date: /home/benjamin/two_wheel_drive/install/interfaces/share/interfaces/cmake/rosidl_cmake_export_typesupport_libraries-extras.cmake
[0.478s] -- Up-to-date: /home/benjamin/two_wheel_drive/install/interfaces/share/interfaces/cmake/interfacesConfig.cmake
[0.478s] -- Up-to-date: /home/benjamin/two_wheel_drive/install/interfaces/share/interfaces/cmake/interfacesConfig-version.cmake
[0.479s] -- Up-to-date: /home/benjamin/two_wheel_drive/install/interfaces/share/interfaces/package.xml
[0.479s] Invoked command in '/home/benjamin/two_wheel_drive/build/interfaces' returned '0': CMAKE_PREFIX_PATH=${CMAKE_PREFIX_PATH}:/home/benjamin/two_wheel_drive/install/two_wheel_drive:/opt/ros/humble /usr/bin/cmake --install /home/benjamin/two_wheel_drive/build/interfaces
