[0.012s] Invoking command in '/home/benjamin/two_wheel_drive/build/interfaces': CMAKE_PREFIX_PATH=${CMAKE_PREFIX_PATH}:/home/benjamin/two_wheel_drive/install/two_wheel_drive:/opt/ros/humble /usr/bin/cmake --build /home/benjamin/two_wheel_drive/build/interfaces -- -j12 -l12
[0.032s] -- Found ament_cmake: 1.3.3 (/opt/ros/humble/share/ament_cmake/cmake)
[0.170s] -- Found rosidl_default_generators: 1.2.0 (/opt/ros/humble/share/rosidl_default_generators/cmake)
[0.171s] -- Using all available rosidl_typesupport_c: rosidl_typesupport_fastrtps_c;rosidl_typesupport_introspection_c
[0.174s] -- Found rosidl_adapter: 3.1.4 (/opt/ros/humble/share/rosidl_adapter/cmake)
[0.202s] -- Using all available rosidl_typesupport_cpp: rosidl_typesupport_fastrtps_cpp;rosidl_typesupport_introspection_cpp
[0.463s] -- Found ament_cmake_ros: 0.10.0 (/opt/ros/humble/share/ament_cmake_ros/cmake)
[0.634s] -- Using all available rosidl_typesupport_c: rosidl_typesupport_fastrtps_c;rosidl_typesupport_introspection_c
[0.850s] -- Using all available rosidl_typesupport_cpp: rosidl_typesupport_fastrtps_cpp;rosidl_typesupport_introspection_cpp
[0.871s] -- Found python_cmake_module: 0.10.0 (/opt/ros/humble/share/python_cmake_module/cmake)
[0.892s] -- Using PYTHON_EXECUTABLE: /usr/bin/python3
[0.893s] -- Using PYTHON_INCLUDE_DIRS: /usr/include/python3.10
[0.893s] -- Using PYTHON_LIBRARIES: /usr/lib/x86_64-linux-gnu/libpython3.10.so
[0.907s] -- Configuring done
[0.933s] -- Generating done
[0.951s] -- Build files have been written to: /home/benjamin/two_wheel_drive/build/interfaces
[0.973s] [35m[1mConsolidate compiler generated dependencies of target interfaces__rosidl_generator_c[0m
[0.979s] [  3%] Built target interfaces__cpp
[0.984s] [  6%] [32mBuilding C object CMakeFiles/interfaces__rosidl_generator_c.dir/rosidl_generator_c/interfaces/msg/detail/encoder__functions.c.o[0m
[0.987s] [  6%] Built target ament_cmake_python_copy_interfaces
[0.987s] [35m[1mConsolidate compiler generated dependencies of target interfaces__rosidl_typesupport_cpp[0m
[0.988s] [35m[1mConsolidate compiler generated dependencies of target interfaces__rosidl_typesupport_introspection_cpp[0m
[0.988s] [35m[1mConsolidate compiler generated dependencies of target interfaces__rosidl_typesupport_fastrtps_cpp[0m
[0.999s] [  9%] [32mBuilding CXX object CMakeFiles/interfaces__rosidl_typesupport_cpp.dir/rosidl_typesupport_cpp/interfaces/msg/encoder__type_support.cpp.o[0m
[1.000s] [ 16%] [32mBuilding CXX object CMakeFiles/interfaces__rosidl_typesupport_introspection_cpp.dir/rosidl_typesupport_introspection_cpp/interfaces/msg/detail/encoder__type_support.cpp.o[0m
[1.000s] [ 16%] [32mBuilding CXX object CMakeFiles/interfaces__rosidl_typesupport_fastrtps_cpp.dir/rosidl_typesupport_fastrtps_cpp/interfaces/msg/detail/dds_fastrtps/encoder__type_support.cpp.o[0m
[1.032s] [ 19%] [32m[1mLinking C shared library libinterfaces__rosidl_generator_c.so[0m
[1.067s] [ 22%] Built target interfaces__rosidl_generator_c
[1.077s] [35m[1mConsolidate compiler generated dependencies of target interfaces__rosidl_typesupport_fastrtps_c[0m
[1.079s] [35m[1mConsolidate compiler generated dependencies of target interfaces__rosidl_typesupport_c[0m
[1.080s] [35m[1mConsolidate compiler generated dependencies of target interfaces__rosidl_typesupport_introspection_c[0m
[1.090s] [ 25%] [32mBuilding CXX object CMakeFiles/interfaces__rosidl_typesupport_c.dir/rosidl_typesupport_c/interfaces/msg/encoder__type_support.cpp.o[0m
[1.092s] [ 29%] [32mBuilding C object CMakeFiles/interfaces__rosidl_typesupport_introspection_c.dir/rosidl_typesupport_introspection_c/interfaces/msg/detail/encoder__type_support.c.o[0m
[1.093s] [ 32%] [32mBuilding CXX object CMakeFiles/interfaces__rosidl_typesupport_fastrtps_c.dir/rosidl_typesupport_fastrtps_c/interfaces/msg/detail/encoder__type_support_c.cpp.o[0m
[1.131s] [ 35%] [32m[1mLinking C shared library libinterfaces__rosidl_typesupport_introspection_c.so[0m
[1.132s] [ 38%] [32m[1mLinking CXX shared library libinterfaces__rosidl_typesupport_c.so[0m
[1.168s] [ 41%] Built target interfaces__rosidl_typesupport_introspection_c
[1.191s] [ 45%] Built target interfaces__rosidl_typesupport_c
[1.265s] [ 48%] [32m[1mLinking CXX shared library libinterfaces__rosidl_typesupport_cpp.so[0m
[1.291s] running egg_info
[1.292s] writing interfaces.egg-info/PKG-INFO
[1.292s] writing dependency_links to interfaces.egg-info/dependency_links.txt
[1.293s] writing top-level names to interfaces.egg-info/top_level.txt
[1.295s] reading manifest file 'interfaces.egg-info/SOURCES.txt'
[1.296s] writing manifest file 'interfaces.egg-info/SOURCES.txt'
[1.311s] [ 51%] Built target interfaces__rosidl_typesupport_cpp
[1.326s] [ 51%] Built target ament_cmake_python_build_interfaces_egg
[1.379s] [ 54%] [32m[1mLinking CXX shared library libinterfaces__rosidl_typesupport_introspection_cpp.so[0m
[1.394s] [ 58%] [32m[1mLinking CXX shared library libinterfaces__rosidl_typesupport_fastrtps_cpp.so[0m
[1.417s] [ 61%] Built target interfaces__rosidl_typesupport_introspection_cpp
[1.434s] [ 64%] [32m[1mLinking CXX shared library libinterfaces__rosidl_typesupport_fastrtps_c.so[0m
[1.464s] [ 67%] Built target interfaces__rosidl_typesupport_fastrtps_cpp
[1.515s] [ 70%] Built target interfaces__rosidl_typesupport_fastrtps_c
[1.533s] [ 70%] Built target interfaces
[1.551s] [ 74%] Built target interfaces__py
[1.560s] [35m[1mConsolidate compiler generated dependencies of target interfaces__rosidl_generator_py[0m
[1.571s] [ 77%] [32mBuilding C object CMakeFiles/interfaces__rosidl_generator_py.dir/rosidl_generator_py/interfaces/msg/_encoder_s.c.o[0m
[1.657s] [ 80%] [32m[1mLinking C shared library rosidl_generator_py/interfaces/libinterfaces__rosidl_generator_py.so[0m
[1.693s] [ 80%] Built target interfaces__rosidl_generator_py
[1.702s] [35m[1mConsolidate compiler generated dependencies of target interfaces__rosidl_typesupport_introspection_c__pyext[0m
[1.702s] [35m[1mConsolidate compiler generated dependencies of target interfaces__rosidl_typesupport_fastrtps_c__pyext[0m
[1.702s] [35m[1mConsolidate compiler generated dependencies of target interfaces__rosidl_typesupport_c__pyext[0m
[1.714s] [ 90%] [32mBuilding C object CMakeFiles/interfaces__rosidl_typesupport_c__pyext.dir/rosidl_generator_py/interfaces/_interfaces_s.ep.rosidl_typesupport_c.c.o[0m
[1.714s] [ 90%] [32mBuilding C object CMakeFiles/interfaces__rosidl_typesupport_fastrtps_c__pyext.dir/rosidl_generator_py/interfaces/_interfaces_s.ep.rosidl_typesupport_fastrtps_c.c.o[0m
[1.714s] [ 90%] [32mBuilding C object CMakeFiles/interfaces__rosidl_typesupport_introspection_c__pyext.dir/rosidl_generator_py/interfaces/_interfaces_s.ep.rosidl_typesupport_introspection_c.c.o[0m
[1.799s] [ 93%] [32m[1mLinking C shared library rosidl_generator_py/interfaces/interfaces_s__rosidl_typesupport_c.cpython-310-x86_64-linux-gnu.so[0m
[1.800s] [ 96%] [32m[1mLinking C shared library rosidl_generator_py/interfaces/interfaces_s__rosidl_typesupport_introspection_c.cpython-310-x86_64-linux-gnu.so[0m
[1.805s] [100%] [32m[1mLinking C shared library rosidl_generator_py/interfaces/interfaces_s__rosidl_typesupport_fastrtps_c.cpython-310-x86_64-linux-gnu.so[0m
[1.828s] [100%] Built target interfaces__rosidl_typesupport_c__pyext
[1.829s] [100%] Built target interfaces__rosidl_typesupport_introspection_c__pyext
[1.835s] [100%] Built target interfaces__rosidl_typesupport_fastrtps_c__pyext
[1.846s] Invoked command in '/home/benjamin/two_wheel_drive/build/interfaces' returned '0': CMAKE_PREFIX_PATH=${CMAKE_PREFIX_PATH}:/home/benjamin/two_wheel_drive/install/two_wheel_drive:/opt/ros/humble /usr/bin/cmake --build /home/benjamin/two_wheel_drive/build/interfaces -- -j12 -l12
[1.909s] Invoking command in '/home/benjamin/two_wheel_drive/build/interfaces': CMAKE_PREFIX_PATH=${CMAKE_PREFIX_PATH}:/home/benjamin/two_wheel_drive/install/two_wheel_drive:/opt/ros/humble /usr/bin/cmake --install /home/benjamin/two_wheel_drive/build/interfaces
[1.915s] -- Install configuration: ""
[1.915s] -- Up-to-date: /home/benjamin/two_wheel_drive/install/interfaces/share/ament_index/resource_index/rosidl_interfaces/interfaces
[1.915s] -- Up-to-date: /home/benjamin/two_wheel_drive/install/interfaces/include/interfaces/interfaces
[1.916s] -- Up-to-date: /home/benjamin/two_wheel_drive/install/interfaces/include/interfaces/interfaces/msg
[1.916s] -- Up-to-date: /home/benjamin/two_wheel_drive/install/interfaces/include/interfaces/interfaces/msg/detail
[1.916s] -- Up-to-date: /home/benjamin/two_wheel_drive/install/interfaces/include/interfaces/interfaces/msg/detail/encoder__type_support.h
[1.916s] -- Up-to-date: /home/benjamin/two_wheel_drive/install/interfaces/include/interfaces/interfaces/msg/detail/encoder__functions.c
[1.916s] -- Up-to-date: /home/benjamin/two_wheel_drive/install/interfaces/include/interfaces/interfaces/msg/detail/encoder__functions.h
[1.916s] -- Up-to-date: /home/benjamin/two_wheel_drive/install/interfaces/include/interfaces/interfaces/msg/detail/encoder__struct.h
[1.916s] -- Up-to-date: /home/benjamin/two_wheel_drive/install/interfaces/include/interfaces/interfaces/msg/rosidl_generator_c__visibility_control.h
[1.916s] -- Up-to-date: /home/benjamin/two_wheel_drive/install/interfaces/include/interfaces/interfaces/msg/encoder.h
[1.916s] -- Installing: /home/benjamin/two_wheel_drive/install/interfaces/share/interfaces/environment/library_path.sh
[1.916s] -- Installing: /home/benjamin/two_wheel_drive/install/interfaces/share/interfaces/environment/library_path.dsv
[1.917s] -- Installing: /home/benjamin/two_wheel_drive/install/interfaces/lib/libinterfaces__rosidl_generator_c.so
[1.917s] -- Set runtime path of "/home/benjamin/two_wheel_drive/install/interfaces/lib/libinterfaces__rosidl_generator_c.so" to ""
[1.918s] -- Up-to-date: /home/benjamin/two_wheel_drive/install/interfaces/include/interfaces/interfaces
[1.918s] -- Up-to-date: /home/benjamin/two_wheel_drive/install/interfaces/include/interfaces/interfaces/msg
[1.918s] -- Up-to-date: /home/benjamin/two_wheel_drive/install/interfaces/include/interfaces/interfaces/msg/detail
[1.918s] -- Up-to-date: /home/benjamin/two_wheel_drive/install/interfaces/include/interfaces/interfaces/msg/detail/encoder__rosidl_typesupport_fastrtps_c.h
[1.918s] -- Up-to-date: /home/benjamin/two_wheel_drive/install/interfaces/include/interfaces/interfaces/msg/rosidl_typesupport_fastrtps_c__visibility_control.h
[1.918s] -- Installing: /home/benjamin/two_wheel_drive/install/interfaces/lib/libinterfaces__rosidl_typesupport_fastrtps_c.so
[1.918s] -- Set runtime path of "/home/benjamin/two_wheel_drive/install/interfaces/lib/libinterfaces__rosidl_typesupport_fastrtps_c.so" to ""
[1.918s] -- Up-to-date: /home/benjamin/two_wheel_drive/install/interfaces/include/interfaces/interfaces
[1.918s] -- Up-to-date: /home/benjamin/two_wheel_drive/install/interfaces/include/interfaces/interfaces/msg
[1.919s] -- Up-to-date: /home/benjamin/two_wheel_drive/install/interfaces/include/interfaces/interfaces/msg/rosidl_typesupport_introspection_c__visibility_control.h
[1.919s] -- Up-to-date: /home/benjamin/two_wheel_drive/install/interfaces/include/interfaces/interfaces/msg/detail
[1.919s] -- Up-to-date: /home/benjamin/two_wheel_drive/install/interfaces/include/interfaces/interfaces/msg/detail/encoder__type_support.c
[1.919s] -- Up-to-date: /home/benjamin/two_wheel_drive/install/interfaces/include/interfaces/interfaces/msg/detail/encoder__rosidl_typesupport_introspection_c.h
[1.919s] -- Installing: /home/benjamin/two_wheel_drive/install/interfaces/lib/libinterfaces__rosidl_typesupport_introspection_c.so
[1.919s] -- Set runtime path of "/home/benjamin/two_wheel_drive/install/interfaces/lib/libinterfaces__rosidl_typesupport_introspection_c.so" to ""
[1.919s] -- Installing: /home/benjamin/two_wheel_drive/install/interfaces/lib/libinterfaces__rosidl_typesupport_c.so
[1.920s] -- Set runtime path of "/home/benjamin/two_wheel_drive/install/interfaces/lib/libinterfaces__rosidl_typesupport_c.so" to ""
[1.920s] -- Up-to-date: /home/benjamin/two_wheel_drive/install/interfaces/include/interfaces/interfaces
[1.920s] -- Up-to-date: /home/benjamin/two_wheel_drive/install/interfaces/include/interfaces/interfaces/msg
[1.920s] -- Up-to-date: /home/benjamin/two_wheel_drive/install/interfaces/include/interfaces/interfaces/msg/encoder.hpp
[1.920s] -- Up-to-date: /home/benjamin/two_wheel_drive/install/interfaces/include/interfaces/interfaces/msg/detail
[1.920s] -- Up-to-date: /home/benjamin/two_wheel_drive/install/interfaces/include/interfaces/interfaces/msg/detail/encoder__builder.hpp
[1.920s] -- Up-to-date: /home/benjamin/two_wheel_drive/install/interfaces/include/interfaces/interfaces/msg/detail/encoder__traits.hpp
[1.921s] -- Up-to-date: /home/benjamin/two_wheel_drive/install/interfaces/include/interfaces/interfaces/msg/detail/encoder__struct.hpp
[1.921s] -- Up-to-date: /home/benjamin/two_wheel_drive/install/interfaces/include/interfaces/interfaces
[1.921s] -- Up-to-date: /home/benjamin/two_wheel_drive/install/interfaces/include/interfaces/interfaces/msg
[1.921s] -- Up-to-date: /home/benjamin/two_wheel_drive/install/interfaces/include/interfaces/interfaces/msg/rosidl_typesupport_fastrtps_cpp__visibility_control.h
[1.921s] -- Up-to-date: /home/benjamin/two_wheel_drive/install/interfaces/include/interfaces/interfaces/msg/detail
[1.921s] -- Up-to-date: /home/benjamin/two_wheel_drive/install/interfaces/include/interfaces/interfaces/msg/detail/encoder__rosidl_typesupport_fastrtps_cpp.hpp
[1.921s] -- Installing: /home/benjamin/two_wheel_drive/install/interfaces/include/interfaces/interfaces/msg/detail/dds_fastrtps
[1.921s] -- Installing: /home/benjamin/two_wheel_drive/install/interfaces/lib/libinterfaces__rosidl_typesupport_fastrtps_cpp.so
[1.921s] -- Set runtime path of "/home/benjamin/two_wheel_drive/install/interfaces/lib/libinterfaces__rosidl_typesupport_fastrtps_cpp.so" to ""
[1.921s] -- Up-to-date: /home/benjamin/two_wheel_drive/install/interfaces/include/interfaces/interfaces
[1.922s] -- Up-to-date: /home/benjamin/two_wheel_drive/install/interfaces/include/interfaces/interfaces/msg
[1.922s] -- Up-to-date: /home/benjamin/two_wheel_drive/install/interfaces/include/interfaces/interfaces/msg/detail
[1.922s] -- Up-to-date: /home/benjamin/two_wheel_drive/install/interfaces/include/interfaces/interfaces/msg/detail/encoder__type_support.cpp
[1.922s] -- Up-to-date: /home/benjamin/two_wheel_drive/install/interfaces/include/interfaces/interfaces/msg/detail/encoder__rosidl_typesupport_introspection_cpp.hpp
[1.922s] -- Installing: /home/benjamin/two_wheel_drive/install/interfaces/lib/libinterfaces__rosidl_typesupport_introspection_cpp.so
[1.922s] -- Set runtime path of "/home/benjamin/two_wheel_drive/install/interfaces/lib/libinterfaces__rosidl_typesupport_introspection_cpp.so" to ""
[1.922s] -- Installing: /home/benjamin/two_wheel_drive/install/interfaces/lib/libinterfaces__rosidl_typesupport_cpp.so
[1.922s] -- Set runtime path of "/home/benjamin/two_wheel_drive/install/interfaces/lib/libinterfaces__rosidl_typesupport_cpp.so" to ""
[1.923s] -- Up-to-date: /home/benjamin/two_wheel_drive/install/interfaces/share/interfaces/environment/pythonpath.sh
[1.923s] -- Installing: /home/benjamin/two_wheel_drive/install/interfaces/share/interfaces/environment/pythonpath.dsv
[1.923s] -- Up-to-date: /home/benjamin/two_wheel_drive/install/interfaces/local/lib/python3.10/dist-packages/interfaces-0.0.0-py3.10.egg-info
[1.923s] -- Installing: /home/benjamin/two_wheel_drive/install/interfaces/local/lib/python3.10/dist-packages/interfaces-0.0.0-py3.10.egg-info/dependency_links.txt
[1.923s] -- Installing: /home/benjamin/two_wheel_drive/install/interfaces/local/lib/python3.10/dist-packages/interfaces-0.0.0-py3.10.egg-info/SOURCES.txt
[1.923s] -- Installing: /home/benjamin/two_wheel_drive/install/interfaces/local/lib/python3.10/dist-packages/interfaces-0.0.0-py3.10.egg-info/PKG-INFO
[1.923s] -- Installing: /home/benjamin/two_wheel_drive/install/interfaces/local/lib/python3.10/dist-packages/interfaces-0.0.0-py3.10.egg-info/top_level.txt
[1.923s] -- Up-to-date: /home/benjamin/two_wheel_drive/install/interfaces/local/lib/python3.10/dist-packages/interfaces
[1.923s] -- Up-to-date: /home/benjamin/two_wheel_drive/install/interfaces/local/lib/python3.10/dist-packages/interfaces/msg
[1.924s] -- Up-to-date: /home/benjamin/two_wheel_drive/install/interfaces/local/lib/python3.10/dist-packages/interfaces/msg/_encoder_s.c
[1.924s] -- Up-to-date: /home/benjamin/two_wheel_drive/install/interfaces/local/lib/python3.10/dist-packages/interfaces/msg/_encoder.py
[1.924s] -- Up-to-date: /home/benjamin/two_wheel_drive/install/interfaces/local/lib/python3.10/dist-packages/interfaces/msg/__init__.py
[1.924s] -- Up-to-date: /home/benjamin/two_wheel_drive/install/interfaces/local/lib/python3.10/dist-packages/interfaces/_interfaces_s.ep.rosidl_typesupport_introspection_c.c
[1.924s] -- Up-to-date: /home/benjamin/two_wheel_drive/install/interfaces/local/lib/python3.10/dist-packages/interfaces/_interfaces_s.ep.rosidl_typesupport_c.c
[1.924s] -- Up-to-date: /home/benjamin/two_wheel_drive/install/interfaces/local/lib/python3.10/dist-packages/interfaces/_interfaces_s.ep.rosidl_typesupport_fastrtps_c.c
[1.924s] -- Installing: /home/benjamin/two_wheel_drive/install/interfaces/local/lib/python3.10/dist-packages/interfaces/libinterfaces__rosidl_generator_py.so
[1.924s] -- Installing: /home/benjamin/two_wheel_drive/install/interfaces/local/lib/python3.10/dist-packages/interfaces/__init__.py
[1.924s] -- Installing: /home/benjamin/two_wheel_drive/install/interfaces/local/lib/python3.10/dist-packages/interfaces/interfaces_s__rosidl_typesupport_introspection_c.cpython-310-x86_64-linux-gnu.so
[1.924s] -- Installing: /home/benjamin/two_wheel_drive/install/interfaces/local/lib/python3.10/dist-packages/interfaces/interfaces_s__rosidl_typesupport_fastrtps_c.cpython-310-x86_64-linux-gnu.so
[1.924s] -- Installing: /home/benjamin/two_wheel_drive/install/interfaces/local/lib/python3.10/dist-packages/interfaces/interfaces_s__rosidl_typesupport_c.cpython-310-x86_64-linux-gnu.so
[1.953s] Listing '/home/benjamin/two_wheel_drive/install/interfaces/local/lib/python3.10/dist-packages/interfaces'...
[1.954s] Compiling '/home/benjamin/two_wheel_drive/install/interfaces/local/lib/python3.10/dist-packages/interfaces/__init__.py'...
[1.954s] Listing '/home/benjamin/two_wheel_drive/install/interfaces/local/lib/python3.10/dist-packages/interfaces/msg'...
[1.954s] Compiling '/home/benjamin/two_wheel_drive/install/interfaces/local/lib/python3.10/dist-packages/interfaces/msg/__init__.py'...
[1.954s] Compiling '/home/benjamin/two_wheel_drive/install/interfaces/local/lib/python3.10/dist-packages/interfaces/msg/_encoder.py'...
[1.958s] -- Installing: /home/benjamin/two_wheel_drive/install/interfaces/local/lib/python3.10/dist-packages/interfaces/interfaces_s__rosidl_typesupport_fastrtps_c.cpython-310-x86_64-linux-gnu.so
[1.958s] -- Set runtime path of "/home/benjamin/two_wheel_drive/install/interfaces/local/lib/python3.10/dist-packages/interfaces/interfaces_s__rosidl_typesupport_fastrtps_c.cpython-310-x86_64-linux-gnu.so" to ""
[1.959s] -- Installing: /home/benjamin/two_wheel_drive/install/interfaces/local/lib/python3.10/dist-packages/interfaces/interfaces_s__rosidl_typesupport_introspection_c.cpython-310-x86_64-linux-gnu.so
[1.959s] -- Set runtime path of "/home/benjamin/two_wheel_drive/install/interfaces/local/lib/python3.10/dist-packages/interfaces/interfaces_s__rosidl_typesupport_introspection_c.cpython-310-x86_64-linux-gnu.so" to ""
[1.959s] -- Installing: /home/benjamin/two_wheel_drive/install/interfaces/local/lib/python3.10/dist-packages/interfaces/interfaces_s__rosidl_typesupport_c.cpython-310-x86_64-linux-gnu.so
[1.960s] -- Set runtime path of "/home/benjamin/two_wheel_drive/install/interfaces/local/lib/python3.10/dist-packages/interfaces/interfaces_s__rosidl_typesupport_c.cpython-310-x86_64-linux-gnu.so" to ""
[1.960s] -- Installing: /home/benjamin/two_wheel_drive/install/interfaces/lib/libinterfaces__rosidl_generator_py.so
[1.960s] -- Set runtime path of "/home/benjamin/two_wheel_drive/install/interfaces/lib/libinterfaces__rosidl_generator_py.so" to ""
[1.960s] -- Up-to-date: /home/benjamin/two_wheel_drive/install/interfaces/share/interfaces/msg/Encoder.idl
[1.960s] -- Up-to-date: /home/benjamin/two_wheel_drive/install/interfaces/share/interfaces/msg/Encoder.msg
[1.961s] -- Up-to-date: /home/benjamin/two_wheel_drive/install/interfaces/share/ament_index/resource_index/package_run_dependencies/interfaces
[1.961s] -- Installing: /home/benjamin/two_wheel_drive/install/interfaces/share/ament_index/resource_index/parent_prefix_path/interfaces
[1.961s] -- Installing: /home/benjamin/two_wheel_drive/install/interfaces/share/interfaces/environment/ament_prefix_path.sh
[1.961s] -- Installing: /home/benjamin/two_wheel_drive/install/interfaces/share/interfaces/environment/ament_prefix_path.dsv
[1.961s] -- Installing: /home/benjamin/two_wheel_drive/install/interfaces/share/interfaces/environment/path.sh
[1.961s] -- Installing: /home/benjamin/two_wheel_drive/install/interfaces/share/interfaces/environment/path.dsv
[1.961s] -- Up-to-date: /home/benjamin/two_wheel_drive/install/interfaces/share/interfaces/local_setup.bash
[1.961s] -- Up-to-date: /home/benjamin/two_wheel_drive/install/interfaces/share/interfaces/local_setup.sh
[1.961s] -- Up-to-date: /home/benjamin/two_wheel_drive/install/interfaces/share/interfaces/local_setup.zsh
[1.961s] -- Installing: /home/benjamin/two_wheel_drive/install/interfaces/share/interfaces/local_setup.dsv
[1.962s] -- Installing: /home/benjamin/two_wheel_drive/install/interfaces/share/interfaces/package.dsv
[1.962s] -- Up-to-date: /home/benjamin/two_wheel_drive/install/interfaces/share/ament_index/resource_index/packages/interfaces
[1.962s] -- Up-to-date: /home/benjamin/two_wheel_drive/install/interfaces/share/interfaces/cmake/export_interfaces__rosidl_generator_cExport.cmake
[1.962s] -- Up-to-date: /home/benjamin/two_wheel_drive/install/interfaces/share/interfaces/cmake/export_interfaces__rosidl_generator_cExport-noconfig.cmake
[1.962s] -- Up-to-date: /home/benjamin/two_wheel_drive/install/interfaces/share/interfaces/cmake/export_interfaces__rosidl_typesupport_fastrtps_cExport.cmake
[1.962s] -- Up-to-date: /home/benjamin/two_wheel_drive/install/interfaces/share/interfaces/cmake/export_interfaces__rosidl_typesupport_fastrtps_cExport-noconfig.cmake
[1.962s] -- Up-to-date: /home/benjamin/two_wheel_drive/install/interfaces/share/interfaces/cmake/interfaces__rosidl_typesupport_introspection_cExport.cmake
[1.962s] -- Up-to-date: /home/benjamin/two_wheel_drive/install/interfaces/share/interfaces/cmake/interfaces__rosidl_typesupport_introspection_cExport-noconfig.cmake
[1.962s] -- Up-to-date: /home/benjamin/two_wheel_drive/install/interfaces/share/interfaces/cmake/interfaces__rosidl_typesupport_cExport.cmake
[1.962s] -- Up-to-date: /home/benjamin/two_wheel_drive/install/interfaces/share/interfaces/cmake/interfaces__rosidl_typesupport_cExport-noconfig.cmake
[1.962s] -- Up-to-date: /home/benjamin/two_wheel_drive/install/interfaces/share/interfaces/cmake/export_interfaces__rosidl_generator_cppExport.cmake
[1.962s] -- Up-to-date: /home/benjamin/two_wheel_drive/install/interfaces/share/interfaces/cmake/export_interfaces__rosidl_typesupport_fastrtps_cppExport.cmake
[1.962s] -- Up-to-date: /home/benjamin/two_wheel_drive/install/interfaces/share/interfaces/cmake/export_interfaces__rosidl_typesupport_fastrtps_cppExport-noconfig.cmake
[1.962s] -- Up-to-date: /home/benjamin/two_wheel_drive/install/interfaces/share/interfaces/cmake/interfaces__rosidl_typesupport_introspection_cppExport.cmake
[1.962s] -- Up-to-date: /home/benjamin/two_wheel_drive/install/interfaces/share/interfaces/cmake/interfaces__rosidl_typesupport_introspection_cppExport-noconfig.cmake
[1.963s] -- Up-to-date: /home/benjamin/two_wheel_drive/install/interfaces/share/interfaces/cmake/interfaces__rosidl_typesupport_cppExport.cmake
[1.963s] -- Up-to-date: /home/benjamin/two_wheel_drive/install/interfaces/share/interfaces/cmake/interfaces__rosidl_typesupport_cppExport-noconfig.cmake
[1.963s] -- Up-to-date: /home/benjamin/two_wheel_drive/install/interfaces/share/interfaces/cmake/export_interfaces__rosidl_generator_pyExport.cmake
[1.963s] -- Up-to-date: /home/benjamin/two_wheel_drive/install/interfaces/share/interfaces/cmake/export_interfaces__rosidl_generator_pyExport-noconfig.cmake
[1.963s] -- Up-to-date: /home/benjamin/two_wheel_drive/install/interfaces/share/interfaces/cmake/rosidl_cmake-extras.cmake
[1.963s] -- Up-to-date: /home/benjamin/two_wheel_drive/install/interfaces/share/interfaces/cmake/ament_cmake_export_include_directories-extras.cmake
[1.963s] -- Up-to-date: /home/benjamin/two_wheel_drive/install/interfaces/share/interfaces/cmake/ament_cmake_export_libraries-extras.cmake
[1.963s] -- Up-to-date: /home/benjamin/two_wheel_drive/install/interfaces/share/interfaces/cmake/ament_cmake_export_targets-extras.cmake
[1.963s] -- Up-to-date: /home/benjamin/two_wheel_drive/install/interfaces/share/interfaces/cmake/rosidl_cmake_export_typesupport_targets-extras.cmake
[1.963s] -- Up-to-date: /home/benjamin/two_wheel_drive/install/interfaces/share/interfaces/cmake/ament_cmake_export_dependencies-extras.cmake
[1.963s] -- Up-to-date: /home/benjamin/two_wheel_drive/install/interfaces/share/interfaces/cmake/rosidl_cmake_export_typesupport_libraries-extras.cmake
[1.963s] -- Up-to-date: /home/benjamin/two_wheel_drive/install/interfaces/share/interfaces/cmake/interfacesConfig.cmake
[1.963s] -- Up-to-date: /home/benjamin/two_wheel_drive/install/interfaces/share/interfaces/cmake/interfacesConfig-version.cmake
[1.963s] -- Up-to-date: /home/benjamin/two_wheel_drive/install/interfaces/share/interfaces/package.xml
[1.966s] Invoked command in '/home/benjamin/two_wheel_drive/build/interfaces' returned '0': CMAKE_PREFIX_PATH=${CMAKE_PREFIX_PATH}:/home/benjamin/two_wheel_drive/install/two_wheel_drive:/opt/ros/humble /usr/bin/cmake --install /home/benjamin/two_wheel_drive/build/interfaces
